#
# There is insufficient memory for the Java Runtime Environment to continue.
# Native memory allocation (mmap) failed to map 192937984 bytes for G1 virtual space
# Possible reasons:
#   The system is out of physical RAM or swap space
#   The process is running with CompressedOops enabled, and the Java Heap may be blocking the growth of the native heap
# Possible solutions:
#   Reduce memory load on the system
#   Increase physical memory or swap space
#   Check if swap backing store is full
#   Decrease Java heap size (-Xmx/-Xms)
#   Decrease number of Java threads
#   Decrease Java thread stack sizes (-Xss)
#   Set larger code cache with -XX:ReservedCodeCacheSize=
#   JVM is running with Unscaled Compressed Oops mode in which the Java heap is
#     placed in the first 4GB address space. The Java Heap base address is the
#     maximum limit for the native heap growth. Please use -XX:HeapBaseMinAddress
#     to set the Java Heap base and to place the Java Heap above 4GB virtual address.
# This output file may be truncated or incomplete.
#
#  Out of Memory Error (os_windows.cpp:3541), pid=28832, tid=14344
#
# JRE version: OpenJDK Runtime Environment Temurin-17.0.4.1+1 (17.0.4.1+1) (build 17.0.4.1+1)
# Java VM: OpenJDK 64-Bit Server VM Temurin-17.0.4.1+1 (17.0.4.1+1, mixed mode, emulated-client, tiered, compressed oops, compressed class ptrs, g1 gc, windows-amd64)
# No core dump will be written. Minidumps are not enabled by default on client versions of Windows
#

---------------  S U M M A R Y ------------

Command Line: -Dcom.sun.management.jmxremote -Dcom.sun.management.jmxremote.port=62596 -Dcom.sun.management.jmxremote.authenticate=false -Dcom.sun.management.jmxremote.ssl=false -Djava.rmi.server.hostname=localhost -Dspring.jmx.enabled=true -Dspring.application.admin.enabled=true -XX:TieredStopAtLevel=1 -Dspring.boot.project.name=chealth -Dfile.encoding=UTF-8 -XX:+ShowCodeDetailsInExceptionMessages edu.ucmerced.chealth.ChealthApplication --spring.profiles.active=dataload --spring.output.ansi.enabled=always

Host: 11th Gen Intel(R) Core(TM) i5-1135G7 @ 2.40GHz, 8 cores, 7G,  Windows 11 , 64 bit Build 22621 (10.0.22621.891)
Time: Wed Nov 30 00:26:16 2022 India Standard Time elapsed time: 3433.207151 seconds (0d 0h 57m 13s)

---------------  T H R E A D  ---------------

Current thread (0x0000022f8fbad770):  VMThread "VM Thread" [stack: 0x0000004a6d400000,0x0000004a6d500000] [id=14344]

Stack: [0x0000004a6d400000,0x0000004a6d500000]
Native frames: (J=compiled Java code, j=interpreted, Vv=VM code, C=native code)
V  [jvm.dll+0x67731a]
V  [jvm.dll+0x832284]
V  [jvm.dll+0x833a2e]
V  [jvm.dll+0x834093]
V  [jvm.dll+0x245775]
V  [jvm.dll+0x674209]
V  [jvm.dll+0x668a92]
V  [jvm.dll+0x30471b]
V  [jvm.dll+0x30bc66]
V  [jvm.dll+0x35ba9e]
V  [jvm.dll+0x35bccf]
V  [jvm.dll+0x2db5b8]
V  [jvm.dll+0x2d986c]
V  [jvm.dll+0x2d8e3c]
V  [jvm.dll+0x31cd9b]
V  [jvm.dll+0x83853b]
V  [jvm.dll+0x839274]
V  [jvm.dll+0x83978c]
V  [jvm.dll+0x839b64]
V  [jvm.dll+0x839c30]
V  [jvm.dll+0x7e240a]
V  [jvm.dll+0x6761a5]
C  [ucrtbase.dll+0x29363]
C  [KERNEL32.DLL+0x1244d]
C  [ntdll.dll+0x5dfb8]

VM_Operation (0x0000004a6e0f3330): G1CollectForAllocation, mode: safepoint, requested by thread 0x0000022f978951f0


---------------  P R O C E S S  ---------------

Threads class SMR info:
_java_thread_list=0x0000022f9ac24670, length=28, elements={
0x0000022f8fbeb2a0, 0x0000022f8fbefd00, 0x0000022f9082f030, 0x0000022f9082f8f0,
0x0000022f908301b0, 0x0000022f90838e90, 0x0000022f9083dc60, 0x0000022f90840570,
0x0000022f908aedd0, 0x0000022f90a77810, 0x0000022f9109a6a0, 0x0000022f91092e00,
0x0000022f911923b0, 0x0000022f9214ef70, 0x0000022f92151170, 0x0000022f92152980,
0x0000022f9214f960, 0x0000022f921524b0, 0x0000022f955ef270, 0x0000022f955ee400,
0x0000022f955ed590, 0x0000022f955ea0a0, 0x0000022f9b433880, 0x0000022f978951f0,
0x0000022f978956c0, 0x0000022f97896ed0, 0x0000022f97895b90, 0x0000022f97896530
}

Java Threads: ( => current thread )
  0x0000022f8fbeb2a0 JavaThread "Reference Handler" daemon [_thread_blocked, id=21472, stack(0x0000004a6d500000,0x0000004a6d600000)]
  0x0000022f8fbefd00 JavaThread "Finalizer" daemon [_thread_blocked, id=22536, stack(0x0000004a6d600000,0x0000004a6d700000)]
  0x0000022f9082f030 JavaThread "Signal Dispatcher" daemon [_thread_blocked, id=5576, stack(0x0000004a6d700000,0x0000004a6d800000)]
  0x0000022f9082f8f0 JavaThread "Attach Listener" daemon [_thread_blocked, id=10060, stack(0x0000004a6d800000,0x0000004a6d900000)]
  0x0000022f908301b0 JavaThread "Service Thread" daemon [_thread_blocked, id=17112, stack(0x0000004a6d900000,0x0000004a6da00000)]
  0x0000022f90838e90 JavaThread "Monitor Deflation Thread" daemon [_thread_blocked, id=16144, stack(0x0000004a6da00000,0x0000004a6db00000)]
  0x0000022f9083dc60 JavaThread "C1 CompilerThread0" daemon [_thread_blocked, id=16968, stack(0x0000004a6db00000,0x0000004a6dc00000)]
  0x0000022f90840570 JavaThread "Sweeper thread" daemon [_thread_blocked, id=20672, stack(0x0000004a6dc00000,0x0000004a6dd00000)]
  0x0000022f908aedd0 JavaThread "Common-Cleaner" daemon [_thread_blocked, id=29576, stack(0x0000004a6dd00000,0x0000004a6de00000)]
  0x0000022f90a77810 JavaThread "Notification Thread" daemon [_thread_blocked, id=22076, stack(0x0000004a6e100000,0x0000004a6e200000)]
  0x0000022f9109a6a0 JavaThread "RMI TCP Accept-0" daemon [_thread_in_native, id=3020, stack(0x0000004a6e200000,0x0000004a6e300000)]
  0x0000022f91092e00 JavaThread "RMI TCP Accept-62596" daemon [_thread_in_native, id=25036, stack(0x0000004a6e300000,0x0000004a6e400000)]
  0x0000022f911923b0 JavaThread "RMI TCP Accept-0" daemon [_thread_in_native, id=25708, stack(0x0000004a6e400000,0x0000004a6e500000)]
  0x0000022f9214ef70 JavaThread "RMI Scheduler(0)" daemon [_thread_blocked, id=20372, stack(0x0000004a6f200000,0x0000004a6f300000)]
  0x0000022f92151170 JavaThread "RMI TCP Connection(56)-127.0.0.1" daemon [_thread_in_native, id=2820, stack(0x0000004a6f300000,0x0000004a6f400000)]
  0x0000022f92152980 JavaThread "JMX server connection timeout 25" daemon [_thread_blocked, id=26188, stack(0x0000004a6f400000,0x0000004a6f500000)]
  0x0000022f9214f960 JavaThread "HSQLDB Timer @731af1df" daemon [_thread_blocked, id=4472, stack(0x0000004a6f900000,0x0000004a6fa00000)]
  0x0000022f921524b0 JavaThread "Live Reload Server" daemon [_thread_in_native, id=22668, stack(0x0000004a70100000,0x0000004a70200000)]
  0x0000022f955ef270 JavaThread "DestroyJavaVM" [_thread_blocked, id=28952, stack(0x0000004a6ce00000,0x0000004a6cf00000)]
  0x0000022f955ee400 JavaThread "RMI TCP Connection(idle)" daemon [_thread_blocked, id=13024, stack(0x0000004a6cc00000,0x0000004a6cd00000)]
  0x0000022f955ed590 JavaThread "RMI TCP Connection(idle)" daemon [_thread_blocked, id=15912, stack(0x0000004a6cd00000,0x0000004a6ce00000)]
  0x0000022f955ea0a0 JavaThread "RMI TCP Connection(idle)" daemon [_thread_blocked, id=24560, stack(0x0000004a70800000,0x0000004a70900000)]
  0x0000022f9b433880 JavaThread "Thread-852" [_thread_blocked, id=27204, stack(0x0000004a6cb00000,0x0000004a6cc00000)]
  0x0000022f978951f0 JavaThread "restartedMain" [_thread_blocked, id=19252, stack(0x0000004a6e000000,0x0000004a6e100000)]
  0x0000022f978956c0 JavaThread "Catalina-utility-1" [_thread_blocked, id=21444, stack(0x0000004a6df00000,0x0000004a6e000000)]
  0x0000022f97896ed0 JavaThread "Catalina-utility-2" [_thread_blocked, id=27168, stack(0x0000004a6ef00000,0x0000004a6f000000)]
  0x0000022f97895b90 JavaThread "container-0" [_thread_blocked, id=7024, stack(0x0000004a6f000000,0x0000004a6f100000)]
  0x0000022f97896530 JavaThread "health housekeeper" daemon [_thread_blocked, id=23384, stack(0x0000004a6f100000,0x0000004a6f200000)]

Other Threads:
=>0x0000022f8fbad770 VMThread "VM Thread" [stack: 0x0000004a6d400000,0x0000004a6d500000] [id=14344]
  0x0000022f8205d660 WatcherThread [stack: 0x0000004a6e500000,0x0000004a6e600000] [id=22232]
  0x0000022f8203c430 GCTaskThread "GC Thread#0" [stack: 0x0000004a6cf00000,0x0000004a6d000000] [id=29032]
  0x0000022f91fc3f90 GCTaskThread "GC Thread#1" [stack: 0x0000004a6e600000,0x0000004a6e700000] [id=20764]
  0x0000022f91fe8680 GCTaskThread "GC Thread#2" [stack: 0x0000004a6e700000,0x0000004a6e800000] [id=27556]
  0x0000022f91fe8930 GCTaskThread "GC Thread#3" [stack: 0x0000004a6e800000,0x0000004a6e900000] [id=4232]
  0x0000022f9200be20 GCTaskThread "GC Thread#4" [stack: 0x0000004a6e900000,0x0000004a6ea00000] [id=28860]
  0x0000022f9200c0d0 GCTaskThread "GC Thread#5" [stack: 0x0000004a6ea00000,0x0000004a6eb00000] [id=21112]
  0x0000022f92014390 GCTaskThread "GC Thread#6" [stack: 0x0000004a6eb00000,0x0000004a6ec00000] [id=24928]
  0x0000022f92014640 GCTaskThread "GC Thread#7" [stack: 0x0000004a6ec00000,0x0000004a6ed00000] [id=30696]
  0x0000022f8204d300 ConcurrentGCThread "G1 Main Marker" [stack: 0x0000004a6d000000,0x0000004a6d100000] [id=4600]
  0x0000022f8204fb30 ConcurrentGCThread "G1 Conc#0" [stack: 0x0000004a6d100000,0x0000004a6d200000] [id=23128]
  0x0000022f92235ca0 ConcurrentGCThread "G1 Conc#1" [stack: 0x0000004a6f600000,0x0000004a6f700000] [id=15552]
  0x0000022f8fa4c100 ConcurrentGCThread "G1 Refine#0" [stack: 0x0000004a6d200000,0x0000004a6d300000] [id=1680]
  0x0000022f90b688f0 ConcurrentGCThread "G1 Refine#1" [stack: 0x0000004a6ed00000,0x0000004a6ee00000] [id=26032]
  0x0000022f90fcd690 ConcurrentGCThread "G1 Refine#2" [stack: 0x0000004a6ee00000,0x0000004a6ef00000] [id=10936]
  0x0000022f94946690 ConcurrentGCThread "G1 Refine#3" [stack: 0x0000004a6fa00000,0x0000004a6fb00000] [id=2340]
  0x0000022f94946970 ConcurrentGCThread "G1 Refine#4" [stack: 0x0000004a6fb00000,0x0000004a6fc00000] [id=12300]
  0x0000022f94943780 ConcurrentGCThread "G1 Refine#5" [stack: 0x0000004a6fc00000,0x0000004a6fd00000] [id=30028]
  0x0000022f94944270 ConcurrentGCThread "G1 Refine#6" [stack: 0x0000004a6fd00000,0x0000004a6fe00000] [id=24452]
  0x0000022f949d2fb0 ConcurrentGCThread "G1 Refine#7" [stack: 0x0000004a6fe00000,0x0000004a6ff00000] [id=9424]
  0x0000022f8fa4e7f0 ConcurrentGCThread "G1 Service" [stack: 0x0000004a6d300000,0x0000004a6d400000] [id=24864]

Threads with active compile tasks:

VM state: at safepoint (normal execution)

VM Mutex/Monitor currently owned by a thread:  ([mutex/lock_event])
[0x0000022f81fe0260] Threads_lock - owner thread: 0x0000022f8fbad770
[0x0000022f81fdfa80] Heap_lock - owner thread: 0x0000022f978951f0

Heap address: 0x0000000084400000, size: 1980 MB, Compressed Oops mode: 32-bit

CDS archive(s) not mapped
Compressed class space mapped at: 0x0000000100000000-0x0000000140000000, reserved size: 1073741824
Narrow klass base: 0x0000000000000000, Narrow klass shift: 3, Narrow klass range: 0x140000000

GC Precious Log:
 CPUs: 8 total, 8 available
 Memory: 7914M
 Large Page Support: Disabled
 NUMA Support: Disabled
 Compressed Oops: Enabled (32-bit)
 Heap Region Size: 1M
 Heap Min Capacity: 8M
 Heap Initial Capacity: 124M
 Heap Max Capacity: 1980M
 Pre-touch: Disabled
 Parallel Workers: 8
 Concurrent Workers: 2
 Concurrent Refinement Workers: 8
 Periodic GC: Disabled

Heap:
 garbage-first heap   total 354304K, used 118591K [0x0000000084400000, 0x0000000100000000)
  region size 1024K, 11 young (11264K), 11 survivors (11264K)
 Metaspace       used 172664K, committed 177088K, reserved 1204224K
  class space    used 19733K, committed 22144K, reserved 1048576K

Heap Regions: E=young(eden), S=young(survivor), O=old, HS=humongous(starts), HC=humongous(continues), CS=collection set, F=free, OA=open archive, CA=closed archive, TAMS=top-at-mark-start (previous, next)
|   0|0x0000000084400000, 0x0000000084500000, 0x0000000084500000|100%|HS|  |TAMS 0x0000000084500000, 0x0000000084400000| Complete 
|   1|0x0000000084500000, 0x0000000084600000, 0x0000000084600000|100%| O|  |TAMS 0x0000000084600000, 0x0000000084500000| Untracked 
|   2|0x0000000084600000, 0x00000000846fffe0, 0x0000000084700000| 99%| O|  |TAMS 0x00000000846fffe0, 0x0000000084600000| Untracked 
|   3|0x0000000084700000, 0x00000000847ffff8, 0x0000000084800000| 99%| O|  |TAMS 0x00000000847ffff8, 0x0000000084700000| Untracked 
|   4|0x0000000084800000, 0x00000000848fffc0, 0x0000000084900000| 99%| O|  |TAMS 0x00000000848fffc0, 0x0000000084800000| Untracked 
|   5|0x0000000084900000, 0x00000000849fffd8, 0x0000000084a00000| 99%| O|  |TAMS 0x00000000849fffd8, 0x0000000084900000| Untracked 
|   6|0x0000000084a00000, 0x0000000084afffd0, 0x0000000084b00000| 99%| O|  |TAMS 0x0000000084afffd0, 0x0000000084a00000| Untracked 
|   7|0x0000000084b00000, 0x0000000084c00000, 0x0000000084c00000|100%| O|  |TAMS 0x0000000084c00000, 0x0000000084b00000| Untracked 
|   8|0x0000000084c00000, 0x0000000084cffff0, 0x0000000084d00000| 99%| O|  |TAMS 0x0000000084cffff0, 0x0000000084c00000| Untracked 
|   9|0x0000000084d00000, 0x0000000084dffff0, 0x0000000084e00000| 99%| O|  |TAMS 0x0000000084dffff0, 0x0000000084d00000| Untracked 
|  10|0x0000000084e00000, 0x0000000084f00000, 0x0000000084f00000|100%| O|  |TAMS 0x0000000084f00000, 0x0000000084e00000| Untracked 
|  11|0x0000000084f00000, 0x0000000084fffff8, 0x0000000085000000| 99%| O|  |TAMS 0x0000000084fffff8, 0x0000000084f00000| Untracked 
|  12|0x0000000085000000, 0x0000000085100000, 0x0000000085100000|100%| O|  |TAMS 0x0000000085100000, 0x0000000085000000| Untracked 
|  13|0x0000000085100000, 0x00000000851ffff8, 0x0000000085200000| 99%| O|  |TAMS 0x00000000851ffff8, 0x0000000085100000| Untracked 
|  14|0x0000000085200000, 0x00000000852fffd8, 0x0000000085300000| 99%| O|  |TAMS 0x00000000852fffd8, 0x0000000085200000| Untracked 
|  15|0x0000000085300000, 0x0000000085400000, 0x0000000085400000|100%| O|  |TAMS 0x0000000085400000, 0x0000000085300000| Untracked 
|  16|0x0000000085400000, 0x0000000085500000, 0x0000000085500000|100%| O|  |TAMS 0x0000000085500000, 0x0000000085400000| Untracked 
|  17|0x0000000085500000, 0x00000000855ffff8, 0x0000000085600000| 99%| O|  |TAMS 0x00000000855ffff8, 0x0000000085500000| Untracked 
|  18|0x0000000085600000, 0x00000000856fffd8, 0x0000000085700000| 99%| O|  |TAMS 0x00000000856fffd8, 0x0000000085600000| Untracked 
|  19|0x0000000085700000, 0x00000000857fffd8, 0x0000000085800000| 99%| O|  |TAMS 0x00000000857fffd8, 0x0000000085700000| Untracked 
|  20|0x0000000085800000, 0x00000000858fffd8, 0x0000000085900000| 99%| O|  |TAMS 0x00000000858fffd8, 0x0000000085800000| Untracked 
|  21|0x0000000085900000, 0x0000000085a00000, 0x0000000085a00000|100%| O|  |TAMS 0x0000000085a00000, 0x0000000085900000| Untracked 
|  22|0x0000000085a00000, 0x0000000085affff0, 0x0000000085b00000| 99%| O|  |TAMS 0x0000000085affff0, 0x0000000085a00000| Untracked 
|  23|0x0000000085b00000, 0x0000000085bffff0, 0x0000000085c00000| 99%| O|  |TAMS 0x0000000085bffff0, 0x0000000085b00000| Untracked 
|  24|0x0000000085c00000, 0x0000000085d00000, 0x0000000085d00000|100%| O|  |TAMS 0x0000000085d00000, 0x0000000085c00000| Untracked 
|  25|0x0000000085d00000, 0x0000000085dffff0, 0x0000000085e00000| 99%| O|  |TAMS 0x0000000085dffff0, 0x0000000085d00000| Untracked 
|  26|0x0000000085e00000, 0x0000000085efffe0, 0x0000000085f00000| 99%| O|  |TAMS 0x0000000085efffe0, 0x0000000085e00000| Untracked 
|  27|0x0000000085f00000, 0x0000000085ffffb0, 0x0000000086000000| 99%| O|  |TAMS 0x0000000085ffffb0, 0x0000000085f00000| Untracked 
|  28|0x0000000086000000, 0x00000000860fffd0, 0x0000000086100000| 99%| O|  |TAMS 0x00000000860fffd0, 0x0000000086000000| Untracked 
|  29|0x0000000086100000, 0x00000000861ffff0, 0x0000000086200000| 99%| O|  |TAMS 0x00000000861ffff0, 0x0000000086100000| Untracked 
|  30|0x0000000086200000, 0x00000000862fffe0, 0x0000000086300000| 99%| O|  |TAMS 0x00000000862fffe0, 0x0000000086200000| Untracked 
|  31|0x0000000086300000, 0x00000000863ffff0, 0x0000000086400000| 99%| O|  |TAMS 0x00000000863ffff0, 0x0000000086300000| Untracked 
|  32|0x0000000086400000, 0x00000000864fffe8, 0x0000000086500000| 99%| O|  |TAMS 0x00000000864fffe8, 0x0000000086400000| Untracked 
|  33|0x0000000086500000, 0x00000000865fffc8, 0x0000000086600000| 99%| O|  |TAMS 0x00000000865fffc8, 0x0000000086500000| Untracked 
|  34|0x0000000086600000, 0x00000000866fff40, 0x0000000086700000| 99%| O|  |TAMS 0x00000000866fff40, 0x0000000086600000| Untracked 
|  35|0x0000000086700000, 0x00000000867fffc8, 0x0000000086800000| 99%| O|  |TAMS 0x00000000867fffc8, 0x0000000086700000| Untracked 
|  36|0x0000000086800000, 0x0000000086900000, 0x0000000086900000|100%| O|  |TAMS 0x0000000086900000, 0x0000000086800000| Untracked 
|  37|0x0000000086900000, 0x00000000869ffff0, 0x0000000086a00000| 99%| O|  |TAMS 0x00000000869ffff0, 0x0000000086900000| Untracked 
|  38|0x0000000086a00000, 0x0000000086affff8, 0x0000000086b00000| 99%| O|  |TAMS 0x0000000086affff8, 0x0000000086a00000| Untracked 
|  39|0x0000000086b00000, 0x0000000086bfffe0, 0x0000000086c00000| 99%| O|  |TAMS 0x0000000086bfffe0, 0x0000000086b00000| Untracked 
|  40|0x0000000086c00000, 0x0000000086cfffd0, 0x0000000086d00000| 99%| O|  |TAMS 0x0000000086cfffd0, 0x0000000086c00000| Untracked 
|  41|0x0000000086d00000, 0x0000000086dffff0, 0x0000000086e00000| 99%| O|  |TAMS 0x0000000086dffff0, 0x0000000086d00000| Untracked 
|  42|0x0000000086e00000, 0x0000000086efffc8, 0x0000000086f00000| 99%| O|  |TAMS 0x0000000086efffc8, 0x0000000086e00000| Untracked 
|  43|0x0000000086f00000, 0x0000000086ffffe0, 0x0000000087000000| 99%| O|  |TAMS 0x0000000086ffffe0, 0x0000000086f00000| Untracked 
|  44|0x0000000087000000, 0x0000000087100000, 0x0000000087100000|100%| O|  |TAMS 0x0000000087100000, 0x0000000087000000| Untracked 
|  45|0x0000000087100000, 0x00000000871fffb8, 0x0000000087200000| 99%| O|  |TAMS 0x00000000871fffb8, 0x0000000087100000| Untracked 
|  46|0x0000000087200000, 0x0000000087300000, 0x0000000087300000|100%| O|  |TAMS 0x0000000087300000, 0x0000000087200000| Untracked 
|  47|0x0000000087300000, 0x00000000873fffd8, 0x0000000087400000| 99%| O|  |TAMS 0x00000000873fffd8, 0x0000000087300000| Untracked 
|  48|0x0000000087400000, 0x00000000874fffd8, 0x0000000087500000| 99%| O|  |TAMS 0x00000000874fffd8, 0x0000000087400000| Untracked 
|  49|0x0000000087500000, 0x00000000875ffff8, 0x0000000087600000| 99%| O|  |TAMS 0x00000000875ffff8, 0x0000000087500000| Untracked 
|  50|0x0000000087600000, 0x00000000876ffff8, 0x0000000087700000| 99%| O|  |TAMS 0x00000000876ffff8, 0x0000000087600000| Untracked 
|  51|0x0000000087700000, 0x0000000087800000, 0x0000000087800000|100%| O|  |TAMS 0x0000000087800000, 0x0000000087700000| Untracked 
|  52|0x0000000087800000, 0x00000000878fffd8, 0x0000000087900000| 99%| O|  |TAMS 0x00000000878fffd8, 0x0000000087800000| Untracked 
|  53|0x0000000087900000, 0x00000000879fffb8, 0x0000000087a00000| 99%| O|  |TAMS 0x00000000879fffb8, 0x0000000087900000| Untracked 
|  54|0x0000000087a00000, 0x0000000087affff8, 0x0000000087b00000| 99%| O|  |TAMS 0x0000000087affff8, 0x0000000087a00000| Untracked 
|  55|0x0000000087b00000, 0x0000000087bffff8, 0x0000000087c00000| 99%| O|  |TAMS 0x0000000087bffff8, 0x0000000087b00000| Untracked 
|  56|0x0000000087c00000, 0x0000000087cfffe0, 0x0000000087d00000| 99%| O|  |TAMS 0x0000000087cfffe0, 0x0000000087c00000| Untracked 
|  57|0x0000000087d00000, 0x0000000087dfffd0, 0x0000000087e00000| 99%| O|  |TAMS 0x0000000087dfffd0, 0x0000000087d00000| Untracked 
|  58|0x0000000087e00000, 0x0000000087effef8, 0x0000000087f00000| 99%| O|  |TAMS 0x0000000087effef8, 0x0000000087e00000| Untracked 
|  59|0x0000000087f00000, 0x0000000087ffffc8, 0x0000000088000000| 99%| O|  |TAMS 0x0000000087ffffc8, 0x0000000087f00000| Untracked 
|  60|0x0000000088000000, 0x00000000880fffc8, 0x0000000088100000| 99%| O|  |TAMS 0x00000000880fffc8, 0x0000000088000000| Untracked 
|  61|0x0000000088100000, 0x0000000088200000, 0x0000000088200000|100%| O|  |TAMS 0x0000000088200000, 0x0000000088100000| Untracked 
|  62|0x0000000088200000, 0x0000000088278dd8, 0x0000000088300000| 47%| O|  |TAMS 0x0000000088278dd8, 0x0000000088200000| Untracked 
|  63|0x0000000088300000, 0x0000000088400000, 0x0000000088400000|100%|HS|  |TAMS 0x0000000088300000, 0x0000000088300000| Complete 
|  64|0x0000000088400000, 0x0000000088500000, 0x0000000088500000|100%| O|  |TAMS 0x0000000088400000, 0x0000000088400000| Untracked 
|  65|0x0000000088500000, 0x0000000088600000, 0x0000000088600000|100%| O|  |TAMS 0x0000000088500000, 0x0000000088500000| Untracked 
|  66|0x0000000088600000, 0x00000000886dcf68, 0x0000000088700000| 86%| O|  |TAMS 0x00000000886dcf68, 0x0000000088600000| Untracked 
|  67|0x0000000088700000, 0x0000000088800000, 0x0000000088800000|100%| O|  |TAMS 0x0000000088700000, 0x0000000088700000| Untracked 
|  68|0x0000000088800000, 0x0000000088900000, 0x0000000088900000|100%| O|  |TAMS 0x0000000088800000, 0x0000000088800000| Untracked 
|  69|0x0000000088900000, 0x0000000088a00000, 0x0000000088a00000|100%| O|  |TAMS 0x0000000088900000, 0x0000000088900000| Untracked 
|  70|0x0000000088a00000, 0x0000000088b00000, 0x0000000088b00000|100%| O|  |TAMS 0x0000000088a00000, 0x0000000088a00000| Untracked 
|  71|0x0000000088b00000, 0x0000000088c00000, 0x0000000088c00000|100%| O|  |TAMS 0x0000000088b00000, 0x0000000088b00000| Untracked 
|  72|0x0000000088c00000, 0x0000000088d00000, 0x0000000088d00000|100%| O|  |TAMS 0x0000000088c00000, 0x0000000088c00000| Untracked 
|  73|0x0000000088d00000, 0x0000000088dffff0, 0x0000000088e00000| 99%| O|  |TAMS 0x0000000088dffff0, 0x0000000088d00000| Untracked 
|  74|0x0000000088e00000, 0x0000000088e2fc60, 0x0000000088f00000| 18%| O|  |TAMS 0x0000000088e2fc60, 0x0000000088e00000| Untracked 
|  75|0x0000000088f00000, 0x0000000088ff0318, 0x0000000089000000| 93%| O|  |TAMS 0x0000000088ff0318, 0x0000000088f00000| Untracked 
|  76|0x0000000089000000, 0x0000000089100000, 0x0000000089100000|100%| O|  |TAMS 0x0000000089000000, 0x0000000089000000| Untracked 
|  77|0x0000000089100000, 0x0000000089200000, 0x0000000089200000|100%| O|  |TAMS 0x0000000089100000, 0x0000000089100000| Untracked 
|  78|0x0000000089200000, 0x0000000089300000, 0x0000000089300000|100%| O|  |TAMS 0x0000000089200000, 0x0000000089200000| Untracked 
|  79|0x0000000089300000, 0x00000000893088e8, 0x0000000089400000|  3%| O|  |TAMS 0x00000000893088e8, 0x0000000089300000| Untracked 
|  80|0x0000000089400000, 0x0000000089500000, 0x0000000089500000|100%| O|  |TAMS 0x0000000089400000, 0x0000000089400000| Untracked 
|  81|0x0000000089500000, 0x0000000089600000, 0x0000000089600000|100%| O|  |TAMS 0x0000000089500000, 0x0000000089500000| Untracked 
|  82|0x0000000089600000, 0x0000000089700000, 0x0000000089700000|100%| O|  |TAMS 0x0000000089600000, 0x0000000089600000| Untracked 
|  83|0x0000000089700000, 0x0000000089800000, 0x0000000089800000|100%| O|  |TAMS 0x0000000089700000, 0x0000000089700000| Untracked 
|  84|0x0000000089800000, 0x0000000089900000, 0x0000000089900000|100%| O|  |TAMS 0x0000000089800000, 0x0000000089800000| Untracked 
|  85|0x0000000089900000, 0x0000000089a00000, 0x0000000089a00000|100%| O|  |TAMS 0x0000000089900000, 0x0000000089900000| Untracked 
|  86|0x0000000089a00000, 0x0000000089b00000, 0x0000000089b00000|100%| O|  |TAMS 0x0000000089a00000, 0x0000000089a00000| Untracked 
|  87|0x0000000089b00000, 0x0000000089c00000, 0x0000000089c00000|100%| O|  |TAMS 0x0000000089b00000, 0x0000000089b00000| Untracked 
|  88|0x0000000089c00000, 0x0000000089d00000, 0x0000000089d00000|100%| O|  |TAMS 0x0000000089c00000, 0x0000000089c00000| Untracked 
|  89|0x0000000089d00000, 0x0000000089e00000, 0x0000000089e00000|100%| O|  |TAMS 0x0000000089d00000, 0x0000000089d00000| Untracked 
|  90|0x0000000089e00000, 0x0000000089f00000, 0x0000000089f00000|100%| O|  |TAMS 0x0000000089e00000, 0x0000000089e00000| Untracked 
|  91|0x0000000089f00000, 0x000000008a000000, 0x000000008a000000|100%| O|  |TAMS 0x0000000089f00000, 0x0000000089f00000| Untracked 
|  92|0x000000008a000000, 0x000000008a100000, 0x000000008a100000|100%| O|  |TAMS 0x000000008a000000, 0x000000008a000000| Untracked 
|  93|0x000000008a100000, 0x000000008a200000, 0x000000008a200000|100%| O|  |TAMS 0x000000008a100000, 0x000000008a100000| Untracked 
|  94|0x000000008a200000, 0x000000008a2bda00, 0x000000008a300000| 74%| O|  |TAMS 0x000000008a200000, 0x000000008a200000| Untracked 
|  95|0x000000008a300000, 0x000000008a300000, 0x000000008a400000|  0%| F|  |TAMS 0x000000008a300000, 0x000000008a300000| Untracked 
|  96|0x000000008a400000, 0x000000008a400000, 0x000000008a500000|  0%| F|  |TAMS 0x000000008a400000, 0x000000008a400000| Untracked 
|  97|0x000000008a500000, 0x000000008a500000, 0x000000008a600000|  0%| F|  |TAMS 0x000000008a500000, 0x000000008a500000| Untracked 
|  98|0x000000008a600000, 0x000000008a600000, 0x000000008a700000|  0%| F|  |TAMS 0x000000008a600000, 0x000000008a600000| Untracked 
|  99|0x000000008a700000, 0x000000008a700000, 0x000000008a800000|  0%| F|  |TAMS 0x000000008a700000, 0x000000008a700000| Untracked 
| 100|0x000000008a800000, 0x000000008a800000, 0x000000008a900000|  0%| F|  |TAMS 0x000000008a800000, 0x000000008a800000| Untracked 
| 101|0x000000008a900000, 0x000000008a900000, 0x000000008aa00000|  0%| F|  |TAMS 0x000000008a900000, 0x000000008a900000| Untracked 
| 102|0x000000008aa00000, 0x000000008aa00000, 0x000000008ab00000|  0%| F|  |TAMS 0x000000008aa00000, 0x000000008aa00000| Untracked 
| 103|0x000000008ab00000, 0x000000008ab00000, 0x000000008ac00000|  0%| F|  |TAMS 0x000000008ab00000, 0x000000008ab00000| Untracked 
| 104|0x000000008ac00000, 0x000000008ac00000, 0x000000008ad00000|  0%| F|  |TAMS 0x000000008ac00000, 0x000000008ac00000| Untracked 
| 105|0x000000008ad00000, 0x000000008ad00000, 0x000000008ae00000|  0%| F|  |TAMS 0x000000008ad00000, 0x000000008ad00000| Untracked 
| 106|0x000000008ae00000, 0x000000008ae00000, 0x000000008af00000|  0%| F|  |TAMS 0x000000008ae00000, 0x000000008ae00000| Untracked 
| 107|0x000000008af00000, 0x000000008af00000, 0x000000008b000000|  0%| F|  |TAMS 0x000000008af00000, 0x000000008af00000| Untracked 
| 108|0x000000008b000000, 0x000000008b000000, 0x000000008b100000|  0%| F|  |TAMS 0x000000008b000000, 0x000000008b000000| Untracked 
| 109|0x000000008b100000, 0x000000008b100000, 0x000000008b200000|  0%| F|  |TAMS 0x000000008b100000, 0x000000008b100000| Untracked 
| 110|0x000000008b200000, 0x000000008b200000, 0x000000008b300000|  0%| F|  |TAMS 0x000000008b200000, 0x000000008b200000| Untracked 
| 111|0x000000008b300000, 0x000000008b300000, 0x000000008b400000|  0%| F|  |TAMS 0x000000008b300000, 0x000000008b300000| Untracked 
| 112|0x000000008b400000, 0x000000008b400000, 0x000000008b500000|  0%| F|  |TAMS 0x000000008b400000, 0x000000008b400000| Untracked 
| 113|0x000000008b500000, 0x000000008b500000, 0x000000008b600000|  0%| F|  |TAMS 0x000000008b500000, 0x000000008b500000| Untracked 
| 114|0x000000008b600000, 0x000000008b600000, 0x000000008b700000|  0%| F|  |TAMS 0x000000008b600000, 0x000000008b600000| Untracked 
| 115|0x000000008b700000, 0x000000008b700000, 0x000000008b800000|  0%| F|  |TAMS 0x000000008b700000, 0x000000008b700000| Untracked 
| 116|0x000000008b800000, 0x000000008b800000, 0x000000008b900000|  0%| F|  |TAMS 0x000000008b800000, 0x000000008b800000| Untracked 
| 117|0x000000008b900000, 0x000000008b900000, 0x000000008ba00000|  0%| F|  |TAMS 0x000000008b900000, 0x000000008b900000| Untracked 
| 118|0x000000008ba00000, 0x000000008ba00000, 0x000000008bb00000|  0%| F|  |TAMS 0x000000008ba00000, 0x000000008ba00000| Untracked 
| 119|0x000000008bb00000, 0x000000008bb00000, 0x000000008bc00000|  0%| F|  |TAMS 0x000000008bb00000, 0x000000008bb00000| Untracked 
| 120|0x000000008bc00000, 0x000000008bd00000, 0x000000008bd00000|100%| S|CS|TAMS 0x000000008bc00000, 0x000000008bc00000| Complete 
| 121|0x000000008bd00000, 0x000000008be00000, 0x000000008be00000|100%| S|CS|TAMS 0x000000008bd00000, 0x000000008bd00000| Complete 
| 122|0x000000008be00000, 0x000000008bf00000, 0x000000008bf00000|100%| S|CS|TAMS 0x000000008be00000, 0x000000008be00000| Complete 
| 123|0x000000008bf00000, 0x000000008bf00000, 0x000000008c000000|  0%| F|  |TAMS 0x000000008bf00000, 0x000000008bf00000| Untracked 
| 124|0x000000008c000000, 0x000000008c000000, 0x000000008c100000|  0%| F|  |TAMS 0x000000008c000000, 0x000000008c000000| Untracked 
| 125|0x000000008c100000, 0x000000008c100000, 0x000000008c200000|  0%| F|  |TAMS 0x000000008c100000, 0x000000008c100000| Untracked 
| 126|0x000000008c200000, 0x000000008c200000, 0x000000008c300000|  0%| F|  |TAMS 0x000000008c200000, 0x000000008c200000| Untracked 
| 127|0x000000008c300000, 0x000000008c400000, 0x000000008c400000|100%| S|CS|TAMS 0x000000008c300000, 0x000000008c300000| Complete 
| 128|0x000000008c400000, 0x000000008c500000, 0x000000008c500000|100%| S|CS|TAMS 0x000000008c400000, 0x000000008c400000| Complete 
| 129|0x000000008c500000, 0x000000008c600000, 0x000000008c600000|100%| S|CS|TAMS 0x000000008c500000, 0x000000008c500000| Complete 
| 130|0x000000008c600000, 0x000000008c700000, 0x000000008c700000|100%| S|CS|TAMS 0x000000008c600000, 0x000000008c600000| Complete 
| 131|0x000000008c700000, 0x000000008c800000, 0x000000008c800000|100%| S|CS|TAMS 0x000000008c700000, 0x000000008c700000| Complete 
| 132|0x000000008c800000, 0x000000008c900000, 0x000000008c900000|100%| S|CS|TAMS 0x000000008c800000, 0x000000008c800000| Complete 
| 133|0x000000008c900000, 0x000000008c900000, 0x000000008ca00000|  0%| F|  |TAMS 0x000000008c900000, 0x000000008c900000| Untracked 
| 134|0x000000008ca00000, 0x000000008ca00000, 0x000000008cb00000|  0%| F|  |TAMS 0x000000008ca00000, 0x000000008ca00000| Untracked 
| 135|0x000000008cb00000, 0x000000008cb00000, 0x000000008cc00000|  0%| F|  |TAMS 0x000000008cb00000, 0x000000008cb00000| Untracked 
| 136|0x000000008cc00000, 0x000000008cc00000, 0x000000008cd00000|  0%| F|  |TAMS 0x000000008cc00000, 0x000000008cc00000| Untracked 
| 137|0x000000008cd00000, 0x000000008ce00000, 0x000000008ce00000|100%| S|CS|TAMS 0x000000008cd00000, 0x000000008cd00000| Complete 
| 138|0x000000008ce00000, 0x000000008ce00000, 0x000000008cf00000|  0%| F|  |TAMS 0x000000008ce00000, 0x000000008ce00000| Untracked 
| 139|0x000000008cf00000, 0x000000008cf00000, 0x000000008d000000|  0%| F|  |TAMS 0x000000008cf00000, 0x000000008cf00000| Untracked 
| 140|0x000000008d000000, 0x000000008d000000, 0x000000008d100000|  0%| F|  |TAMS 0x000000008d000000, 0x000000008d000000| Untracked 
| 141|0x000000008d100000, 0x000000008d200000, 0x000000008d200000|100%| S|CS|TAMS 0x000000008d100000, 0x000000008d100000| Complete 
| 142|0x000000008d200000, 0x000000008d200000, 0x000000008d300000|  0%| F|  |TAMS 0x000000008d200000, 0x000000008d200000| Untracked 
| 143|0x000000008d300000, 0x000000008d300000, 0x000000008d400000|  0%| F|  |TAMS 0x000000008d300000, 0x000000008d300000| Untracked 
| 144|0x000000008d400000, 0x000000008d400000, 0x000000008d500000|  0%| F|  |TAMS 0x000000008d400000, 0x000000008d400000| Untracked 
| 145|0x000000008d500000, 0x000000008d500000, 0x000000008d600000|  0%| F|  |TAMS 0x000000008d500000, 0x000000008d500000| Untracked 
| 146|0x000000008d600000, 0x000000008d600000, 0x000000008d700000|  0%| F|  |TAMS 0x000000008d600000, 0x000000008d600000| Untracked 
| 147|0x000000008d700000, 0x000000008d700000, 0x000000008d800000|  0%| F|  |TAMS 0x000000008d700000, 0x000000008d700000| Untracked 
| 148|0x000000008d800000, 0x000000008d800000, 0x000000008d900000|  0%| F|  |TAMS 0x000000008d800000, 0x000000008d800000| Untracked 
| 149|0x000000008d900000, 0x000000008d900000, 0x000000008da00000|  0%| F|  |TAMS 0x000000008d900000, 0x000000008d900000| Untracked 
| 150|0x000000008da00000, 0x000000008da00000, 0x000000008db00000|  0%| F|  |TAMS 0x000000008da00000, 0x000000008da00000| Untracked 
| 151|0x000000008db00000, 0x000000008db00000, 0x000000008dc00000|  0%| F|  |TAMS 0x000000008db00000, 0x000000008db00000| Untracked 
| 152|0x000000008dc00000, 0x000000008dc00000, 0x000000008dd00000|  0%| F|  |TAMS 0x000000008dc00000, 0x000000008dc00000| Untracked 
| 153|0x000000008dd00000, 0x000000008dd00000, 0x000000008de00000|  0%| F|  |TAMS 0x000000008dd00000, 0x000000008dd00000| Untracked 
| 154|0x000000008de00000, 0x000000008de00000, 0x000000008df00000|  0%| F|  |TAMS 0x000000008de00000, 0x000000008de00000| Untracked 
| 155|0x000000008df00000, 0x000000008e000000, 0x000000008e000000|100%| O|  |TAMS 0x000000008e000000, 0x000000008df00000| Untracked 
| 156|0x000000008e000000, 0x000000008e0ffff0, 0x000000008e100000| 99%| O|  |TAMS 0x000000008e0ffff0, 0x000000008e000000| Untracked 
| 157|0x000000008e100000, 0x000000008e200000, 0x000000008e200000|100%| O|  |TAMS 0x000000008e200000, 0x000000008e100000| Untracked 
| 158|0x000000008e200000, 0x000000008e300000, 0x000000008e300000|100%| O|  |TAMS 0x000000008e300000, 0x000000008e200000| Untracked 
| 159|0x000000008e300000, 0x000000008e400000, 0x000000008e400000|100%| O|  |TAMS 0x000000008e400000, 0x000000008e300000| Untracked 
| 160|0x000000008e400000, 0x000000008e500000, 0x000000008e500000|100%| O|  |TAMS 0x000000008e500000, 0x000000008e400000| Untracked 
| 161|0x000000008e500000, 0x000000008e5dd288, 0x000000008e600000| 86%| O|  |TAMS 0x000000008e5dd288, 0x000000008e500000| Untracked 
| 162|0x000000008e600000, 0x000000008e600000, 0x000000008e700000|  0%| F|  |TAMS 0x000000008e600000, 0x000000008e600000| Untracked 
| 163|0x000000008e700000, 0x000000008e700000, 0x000000008e800000|  0%| F|  |TAMS 0x000000008e700000, 0x000000008e700000| Untracked 
| 164|0x000000008e800000, 0x000000008e800000, 0x000000008e900000|  0%| F|  |TAMS 0x000000008e800000, 0x000000008e800000| Untracked 
| 165|0x000000008e900000, 0x000000008e900000, 0x000000008ea00000|  0%| F|  |TAMS 0x000000008e900000, 0x000000008e900000| Untracked 
| 166|0x000000008ea00000, 0x000000008ea00000, 0x000000008eb00000|  0%| F|  |TAMS 0x000000008ea00000, 0x000000008ea00000| Untracked 
| 167|0x000000008eb00000, 0x000000008eb00000, 0x000000008ec00000|  0%| F|  |TAMS 0x000000008eb00000, 0x000000008eb00000| Untracked 
| 168|0x000000008ec00000, 0x000000008ec00000, 0x000000008ed00000|  0%| F|  |TAMS 0x000000008ec00000, 0x000000008ec00000| Untracked 
| 169|0x000000008ed00000, 0x000000008ee00000, 0x000000008ee00000|100%| O|  |TAMS 0x000000008ee00000, 0x000000008ed00000| Untracked 
| 170|0x000000008ee00000, 0x000000008ef00000, 0x000000008ef00000|100%| O|  |TAMS 0x000000008ef00000, 0x000000008ee00000| Untracked 
| 171|0x000000008ef00000, 0x000000008f000000, 0x000000008f000000|100%| O|  |TAMS 0x000000008f000000, 0x000000008ef00000| Untracked 
| 172|0x000000008f000000, 0x000000008f100000, 0x000000008f100000|100%| O|  |TAMS 0x000000008f100000, 0x000000008f000000| Untracked 
| 173|0x000000008f100000, 0x000000008f200000, 0x000000008f200000|100%| O|  |TAMS 0x000000008f200000, 0x000000008f100000| Untracked 
| 174|0x000000008f200000, 0x000000008f200000, 0x000000008f300000|  0%| F|  |TAMS 0x000000008f200000, 0x000000008f200000| Untracked 
| 175|0x000000008f300000, 0x000000008f300000, 0x000000008f400000|  0%| F|  |TAMS 0x000000008f300000, 0x000000008f300000| Untracked 
| 176|0x000000008f400000, 0x000000008f461e08, 0x000000008f500000| 38%| O|  |TAMS 0x000000008f461e08, 0x000000008f400000| Untracked 
| 177|0x000000008f500000, 0x000000008f500000, 0x000000008f600000|  0%| F|  |TAMS 0x000000008f500000, 0x000000008f500000| Untracked 
| 178|0x000000008f600000, 0x000000008f600000, 0x000000008f700000|  0%| F|  |TAMS 0x000000008f600000, 0x000000008f600000| Untracked 
| 179|0x000000008f700000, 0x000000008f700000, 0x000000008f800000|  0%| F|  |TAMS 0x000000008f700000, 0x000000008f700000| Untracked 
| 180|0x000000008f800000, 0x000000008f800000, 0x000000008f900000|  0%| F|  |TAMS 0x000000008f800000, 0x000000008f800000| Untracked 
| 181|0x000000008f900000, 0x000000008f900000, 0x000000008fa00000|  0%| F|  |TAMS 0x000000008f900000, 0x000000008f900000| Untracked 
| 182|0x000000008fa00000, 0x000000008fa00000, 0x000000008fb00000|  0%| F|  |TAMS 0x000000008fa00000, 0x000000008fa00000| Untracked 
| 183|0x000000008fb00000, 0x000000008fb00000, 0x000000008fc00000|  0%| F|  |TAMS 0x000000008fb00000, 0x000000008fb00000| Untracked 
| 184|0x000000008fc00000, 0x000000008fc00000, 0x000000008fd00000|  0%| F|  |TAMS 0x000000008fc00000, 0x000000008fc00000| Untracked 
| 185|0x000000008fd00000, 0x000000008fd00000, 0x000000008fe00000|  0%| F|  |TAMS 0x000000008fd00000, 0x000000008fd00000| Untracked 
| 186|0x000000008fe00000, 0x000000008fe00000, 0x000000008ff00000|  0%| F|  |TAMS 0x000000008fe00000, 0x000000008fe00000| Untracked 
| 187|0x000000008ff00000, 0x000000008ff00000, 0x0000000090000000|  0%| F|  |TAMS 0x000000008ff00000, 0x000000008ff00000| Untracked 
| 188|0x0000000090000000, 0x0000000090000000, 0x0000000090100000|  0%| F|  |TAMS 0x0000000090000000, 0x0000000090000000| Untracked 
| 189|0x0000000090100000, 0x0000000090100000, 0x0000000090200000|  0%| F|  |TAMS 0x0000000090100000, 0x0000000090100000| Untracked 
| 190|0x0000000090200000, 0x0000000090200000, 0x0000000090300000|  0%| F|  |TAMS 0x0000000090200000, 0x0000000090200000| Untracked 
| 191|0x0000000090300000, 0x0000000090300000, 0x0000000090400000|  0%| F|  |TAMS 0x0000000090300000, 0x0000000090300000| Untracked 
| 192|0x0000000090400000, 0x0000000090400000, 0x0000000090500000|  0%| F|  |TAMS 0x0000000090400000, 0x0000000090400000| Untracked 
| 193|0x0000000090500000, 0x0000000090500000, 0x0000000090600000|  0%| F|  |TAMS 0x0000000090500000, 0x0000000090500000| Untracked 
| 194|0x0000000090600000, 0x0000000090600000, 0x0000000090700000|  0%| F|  |TAMS 0x0000000090600000, 0x0000000090600000| Untracked 
| 195|0x0000000090700000, 0x0000000090700000, 0x0000000090800000|  0%| F|  |TAMS 0x0000000090700000, 0x0000000090700000| Untracked 
| 196|0x0000000090800000, 0x0000000090800000, 0x0000000090900000|  0%| F|  |TAMS 0x0000000090800000, 0x0000000090800000| Untracked 
| 197|0x0000000090900000, 0x0000000090900000, 0x0000000090a00000|  0%| F|  |TAMS 0x0000000090900000, 0x0000000090900000| Untracked 
| 198|0x0000000090a00000, 0x0000000090a00000, 0x0000000090b00000|  0%| F|  |TAMS 0x0000000090a00000, 0x0000000090a00000| Untracked 
| 199|0x0000000090b00000, 0x0000000090b00000, 0x0000000090c00000|  0%| F|  |TAMS 0x0000000090b00000, 0x0000000090b00000| Untracked 
| 200|0x0000000090c00000, 0x0000000090c00000, 0x0000000090d00000|  0%| F|  |TAMS 0x0000000090c00000, 0x0000000090c00000| Untracked 
| 201|0x0000000090d00000, 0x0000000090d00000, 0x0000000090e00000|  0%| F|  |TAMS 0x0000000090d00000, 0x0000000090d00000| Untracked 
| 202|0x0000000090e00000, 0x0000000090e00000, 0x0000000090f00000|  0%| F|  |TAMS 0x0000000090e00000, 0x0000000090e00000| Untracked 
| 203|0x0000000090f00000, 0x0000000090f00000, 0x0000000091000000|  0%| F|  |TAMS 0x0000000090f00000, 0x0000000090f00000| Untracked 
| 204|0x0000000091000000, 0x0000000091000000, 0x0000000091100000|  0%| F|  |TAMS 0x0000000091000000, 0x0000000091000000| Untracked 
| 205|0x0000000091100000, 0x0000000091100000, 0x0000000091200000|  0%| F|  |TAMS 0x0000000091100000, 0x0000000091100000| Untracked 
| 206|0x0000000091200000, 0x0000000091200000, 0x0000000091300000|  0%| F|  |TAMS 0x0000000091200000, 0x0000000091200000| Untracked 
| 207|0x0000000091300000, 0x0000000091300000, 0x0000000091400000|  0%| F|  |TAMS 0x0000000091300000, 0x0000000091300000| Untracked 
| 208|0x0000000091400000, 0x0000000091400000, 0x0000000091500000|  0%| F|  |TAMS 0x0000000091400000, 0x0000000091400000| Untracked 
| 209|0x0000000091500000, 0x0000000091500000, 0x0000000091600000|  0%| F|  |TAMS 0x0000000091500000, 0x0000000091500000| Untracked 
| 210|0x0000000091600000, 0x0000000091600000, 0x0000000091700000|  0%| F|  |TAMS 0x0000000091600000, 0x0000000091600000| Untracked 
| 211|0x0000000091700000, 0x0000000091700000, 0x0000000091800000|  0%| F|  |TAMS 0x0000000091700000, 0x0000000091700000| Untracked 
| 212|0x0000000091800000, 0x0000000091800000, 0x0000000091900000|  0%| F|  |TAMS 0x0000000091800000, 0x0000000091800000| Untracked 
| 213|0x0000000091900000, 0x0000000091900000, 0x0000000091a00000|  0%| F|  |TAMS 0x0000000091900000, 0x0000000091900000| Untracked 
| 214|0x0000000091a00000, 0x0000000091a00000, 0x0000000091b00000|  0%| F|  |TAMS 0x0000000091a00000, 0x0000000091a00000| Untracked 
| 215|0x0000000091b00000, 0x0000000091b00000, 0x0000000091c00000|  0%| F|  |TAMS 0x0000000091b00000, 0x0000000091b00000| Untracked 
| 216|0x0000000091c00000, 0x0000000091c00000, 0x0000000091d00000|  0%| F|  |TAMS 0x0000000091c00000, 0x0000000091c00000| Untracked 
| 217|0x0000000091d00000, 0x0000000091d00000, 0x0000000091e00000|  0%| F|  |TAMS 0x0000000091d00000, 0x0000000091d00000| Untracked 
| 218|0x0000000091e00000, 0x0000000091e00000, 0x0000000091f00000|  0%| F|  |TAMS 0x0000000091e00000, 0x0000000091e00000| Untracked 
| 219|0x0000000091f00000, 0x0000000091f00000, 0x0000000092000000|  0%| F|  |TAMS 0x0000000091f00000, 0x0000000091f00000| Untracked 
| 220|0x0000000092000000, 0x0000000092000000, 0x0000000092100000|  0%| F|  |TAMS 0x0000000092000000, 0x0000000092000000| Untracked 
| 221|0x0000000092100000, 0x0000000092100000, 0x0000000092200000|  0%| F|  |TAMS 0x0000000092100000, 0x0000000092100000| Untracked 
| 222|0x0000000092200000, 0x0000000092200000, 0x0000000092300000|  0%| F|  |TAMS 0x0000000092200000, 0x0000000092200000| Untracked 
| 223|0x0000000092300000, 0x0000000092300000, 0x0000000092400000|  0%| F|  |TAMS 0x0000000092300000, 0x0000000092300000| Untracked 
| 224|0x0000000092400000, 0x0000000092400000, 0x0000000092500000|  0%| F|  |TAMS 0x0000000092400000, 0x0000000092400000| Untracked 
| 225|0x0000000092500000, 0x0000000092500000, 0x0000000092600000|  0%| F|  |TAMS 0x0000000092500000, 0x0000000092500000| Untracked 
| 226|0x0000000092600000, 0x0000000092600000, 0x0000000092700000|  0%| F|  |TAMS 0x0000000092600000, 0x0000000092600000| Untracked 
| 227|0x0000000092700000, 0x0000000092700000, 0x0000000092800000|  0%| F|  |TAMS 0x0000000092700000, 0x0000000092700000| Untracked 
| 228|0x0000000092800000, 0x0000000092800000, 0x0000000092900000|  0%| F|  |TAMS 0x0000000092800000, 0x0000000092800000| Untracked 
| 229|0x0000000092900000, 0x0000000092900000, 0x0000000092a00000|  0%| F|  |TAMS 0x0000000092900000, 0x0000000092900000| Untracked 
| 230|0x0000000092a00000, 0x0000000092a00000, 0x0000000092b00000|  0%| F|  |TAMS 0x0000000092a00000, 0x0000000092a00000| Untracked 
| 231|0x0000000092b00000, 0x0000000092b00000, 0x0000000092c00000|  0%| F|  |TAMS 0x0000000092b00000, 0x0000000092b00000| Untracked 
| 232|0x0000000092c00000, 0x0000000092c00000, 0x0000000092d00000|  0%| F|  |TAMS 0x0000000092c00000, 0x0000000092c00000| Untracked 
| 233|0x0000000092d00000, 0x0000000092d00000, 0x0000000092e00000|  0%| F|  |TAMS 0x0000000092d00000, 0x0000000092d00000| Untracked 
| 234|0x0000000092e00000, 0x0000000092e00000, 0x0000000092f00000|  0%| F|  |TAMS 0x0000000092e00000, 0x0000000092e00000| Untracked 
| 235|0x0000000092f00000, 0x0000000092f00000, 0x0000000093000000|  0%| F|  |TAMS 0x0000000092f00000, 0x0000000092f00000| Untracked 
| 236|0x0000000093000000, 0x0000000093000000, 0x0000000093100000|  0%| F|  |TAMS 0x0000000093000000, 0x0000000093000000| Untracked 
| 237|0x0000000093100000, 0x0000000093100000, 0x0000000093200000|  0%| F|  |TAMS 0x0000000093100000, 0x0000000093100000| Untracked 
| 238|0x0000000093200000, 0x0000000093200000, 0x0000000093300000|  0%| F|  |TAMS 0x0000000093200000, 0x0000000093200000| Untracked 
| 239|0x0000000093300000, 0x0000000093300000, 0x0000000093400000|  0%| F|  |TAMS 0x0000000093300000, 0x0000000093300000| Untracked 
| 240|0x0000000093400000, 0x0000000093400000, 0x0000000093500000|  0%| F|  |TAMS 0x0000000093400000, 0x0000000093400000| Untracked 
| 241|0x0000000093500000, 0x0000000093500000, 0x0000000093600000|  0%| F|  |TAMS 0x0000000093500000, 0x0000000093500000| Untracked 
| 242|0x0000000093600000, 0x0000000093600000, 0x0000000093700000|  0%| F|  |TAMS 0x0000000093600000, 0x0000000093600000| Untracked 
| 243|0x0000000093700000, 0x0000000093700000, 0x0000000093800000|  0%| F|  |TAMS 0x0000000093700000, 0x0000000093700000| Untracked 
| 244|0x0000000093800000, 0x0000000093800000, 0x0000000093900000|  0%| F|  |TAMS 0x0000000093800000, 0x0000000093800000| Untracked 
| 245|0x0000000093900000, 0x0000000093900000, 0x0000000093a00000|  0%| F|  |TAMS 0x0000000093900000, 0x0000000093900000| Untracked 
| 246|0x0000000093a00000, 0x0000000093a00000, 0x0000000093b00000|  0%| F|  |TAMS 0x0000000093a00000, 0x0000000093a00000| Untracked 
| 247|0x0000000093b00000, 0x0000000093b00000, 0x0000000093c00000|  0%| F|  |TAMS 0x0000000093b00000, 0x0000000093b00000| Untracked 
| 248|0x0000000093c00000, 0x0000000093c00000, 0x0000000093d00000|  0%| F|  |TAMS 0x0000000093c00000, 0x0000000093c00000| Untracked 
| 249|0x0000000093d00000, 0x0000000093d00000, 0x0000000093e00000|  0%| F|  |TAMS 0x0000000093d00000, 0x0000000093d00000| Untracked 
| 250|0x0000000093e00000, 0x0000000093e00000, 0x0000000093f00000|  0%| F|  |TAMS 0x0000000093e00000, 0x0000000093e00000| Untracked 
| 251|0x0000000093f00000, 0x0000000093f00000, 0x0000000094000000|  0%| F|  |TAMS 0x0000000093f00000, 0x0000000093f00000| Untracked 
| 252|0x0000000094000000, 0x0000000094000000, 0x0000000094100000|  0%| F|  |TAMS 0x0000000094000000, 0x0000000094000000| Untracked 
| 253|0x0000000094100000, 0x0000000094100000, 0x0000000094200000|  0%| F|  |TAMS 0x0000000094100000, 0x0000000094100000| Untracked 
| 254|0x0000000094200000, 0x0000000094200000, 0x0000000094300000|  0%| F|  |TAMS 0x0000000094200000, 0x0000000094200000| Untracked 
| 255|0x0000000094300000, 0x0000000094300000, 0x0000000094400000|  0%| F|  |TAMS 0x0000000094300000, 0x0000000094300000| Untracked 
| 256|0x0000000094400000, 0x0000000094400000, 0x0000000094500000|  0%| F|  |TAMS 0x0000000094400000, 0x0000000094400000| Untracked 
| 257|0x0000000094500000, 0x0000000094500000, 0x0000000094600000|  0%| F|  |TAMS 0x0000000094500000, 0x0000000094500000| Untracked 
| 258|0x0000000094600000, 0x0000000094600000, 0x0000000094700000|  0%| F|  |TAMS 0x0000000094600000, 0x0000000094600000| Untracked 
| 259|0x0000000094700000, 0x0000000094700000, 0x0000000094800000|  0%| F|  |TAMS 0x0000000094700000, 0x0000000094700000| Untracked 
| 260|0x0000000094800000, 0x0000000094800000, 0x0000000094900000|  0%| F|  |TAMS 0x0000000094800000, 0x0000000094800000| Untracked 
| 261|0x0000000094900000, 0x0000000094900000, 0x0000000094a00000|  0%| F|  |TAMS 0x0000000094900000, 0x0000000094900000| Untracked 
| 262|0x0000000094a00000, 0x0000000094a00000, 0x0000000094b00000|  0%| F|  |TAMS 0x0000000094a00000, 0x0000000094a00000| Untracked 
| 263|0x0000000094b00000, 0x0000000094b00000, 0x0000000094c00000|  0%| F|  |TAMS 0x0000000094b00000, 0x0000000094b00000| Untracked 
| 264|0x0000000094c00000, 0x0000000094c00000, 0x0000000094d00000|  0%| F|  |TAMS 0x0000000094c00000, 0x0000000094c00000| Untracked 
| 265|0x0000000094d00000, 0x0000000094d00000, 0x0000000094e00000|  0%| F|  |TAMS 0x0000000094d00000, 0x0000000094d00000| Untracked 
| 266|0x0000000094e00000, 0x0000000094e00000, 0x0000000094f00000|  0%| F|  |TAMS 0x0000000094e00000, 0x0000000094e00000| Untracked 
| 267|0x0000000094f00000, 0x0000000094f00000, 0x0000000095000000|  0%| F|  |TAMS 0x0000000094f00000, 0x0000000094f00000| Untracked 
| 268|0x0000000095000000, 0x0000000095000000, 0x0000000095100000|  0%| F|  |TAMS 0x0000000095000000, 0x0000000095000000| Untracked 
| 269|0x0000000095100000, 0x0000000095100000, 0x0000000095200000|  0%| F|  |TAMS 0x0000000095100000, 0x0000000095100000| Untracked 
| 270|0x0000000095200000, 0x0000000095200000, 0x0000000095300000|  0%| F|  |TAMS 0x0000000095200000, 0x0000000095200000| Untracked 
| 271|0x0000000095300000, 0x0000000095300000, 0x0000000095400000|  0%| F|  |TAMS 0x0000000095300000, 0x0000000095300000| Untracked 
| 272|0x0000000095400000, 0x0000000095400000, 0x0000000095500000|  0%| F|  |TAMS 0x0000000095400000, 0x0000000095400000| Untracked 
| 273|0x0000000095500000, 0x0000000095500000, 0x0000000095600000|  0%| F|  |TAMS 0x0000000095500000, 0x0000000095500000| Untracked 
| 274|0x0000000095600000, 0x0000000095600000, 0x0000000095700000|  0%| F|  |TAMS 0x0000000095600000, 0x0000000095600000| Untracked 
| 275|0x0000000095700000, 0x0000000095700000, 0x0000000095800000|  0%| F|  |TAMS 0x0000000095700000, 0x0000000095700000| Untracked 
| 276|0x0000000095800000, 0x0000000095800000, 0x0000000095900000|  0%| F|  |TAMS 0x0000000095800000, 0x0000000095800000| Untracked 
| 277|0x0000000095900000, 0x0000000095900000, 0x0000000095a00000|  0%| F|  |TAMS 0x0000000095900000, 0x0000000095900000| Untracked 
| 278|0x0000000095a00000, 0x0000000095a00000, 0x0000000095b00000|  0%| F|  |TAMS 0x0000000095a00000, 0x0000000095a00000| Untracked 
| 279|0x0000000095b00000, 0x0000000095b00000, 0x0000000095c00000|  0%| F|  |TAMS 0x0000000095b00000, 0x0000000095b00000| Untracked 
| 280|0x0000000095c00000, 0x0000000095c00000, 0x0000000095d00000|  0%| F|  |TAMS 0x0000000095c00000, 0x0000000095c00000| Untracked 
| 281|0x0000000095d00000, 0x0000000095d00000, 0x0000000095e00000|  0%| F|  |TAMS 0x0000000095d00000, 0x0000000095d00000| Untracked 
| 282|0x0000000095e00000, 0x0000000095e00000, 0x0000000095f00000|  0%| F|  |TAMS 0x0000000095e00000, 0x0000000095e00000| Untracked 
| 283|0x0000000095f00000, 0x0000000095f00000, 0x0000000096000000|  0%| F|  |TAMS 0x0000000095f00000, 0x0000000095f00000| Untracked 
| 284|0x0000000096000000, 0x0000000096000000, 0x0000000096100000|  0%| F|  |TAMS 0x0000000096000000, 0x0000000096000000| Untracked 
| 285|0x0000000096100000, 0x0000000096100000, 0x0000000096200000|  0%| F|  |TAMS 0x0000000096100000, 0x0000000096100000| Untracked 
| 286|0x0000000096200000, 0x0000000096200000, 0x0000000096300000|  0%| F|  |TAMS 0x0000000096200000, 0x0000000096200000| Untracked 
| 287|0x0000000096300000, 0x0000000096300000, 0x0000000096400000|  0%| F|  |TAMS 0x0000000096300000, 0x0000000096300000| Untracked 
| 288|0x0000000096400000, 0x0000000096400000, 0x0000000096500000|  0%| F|  |TAMS 0x0000000096400000, 0x0000000096400000| Untracked 
| 289|0x0000000096500000, 0x0000000096500000, 0x0000000096600000|  0%| F|  |TAMS 0x0000000096500000, 0x0000000096500000| Untracked 
| 290|0x0000000096600000, 0x0000000096600000, 0x0000000096700000|  0%| F|  |TAMS 0x0000000096600000, 0x0000000096600000| Untracked 
| 291|0x0000000096700000, 0x0000000096700000, 0x0000000096800000|  0%| F|  |TAMS 0x0000000096700000, 0x0000000096700000| Untracked 
| 292|0x0000000096800000, 0x0000000096800000, 0x0000000096900000|  0%| F|  |TAMS 0x0000000096800000, 0x0000000096800000| Untracked 
| 293|0x0000000096900000, 0x0000000096900000, 0x0000000096a00000|  0%| F|  |TAMS 0x0000000096900000, 0x0000000096900000| Untracked 
| 294|0x0000000096a00000, 0x0000000096a00000, 0x0000000096b00000|  0%| F|  |TAMS 0x0000000096a00000, 0x0000000096a00000| Untracked 
| 295|0x0000000096b00000, 0x0000000096b00000, 0x0000000096c00000|  0%| F|  |TAMS 0x0000000096b00000, 0x0000000096b00000| Untracked 
| 296|0x0000000096c00000, 0x0000000096c00000, 0x0000000096d00000|  0%| F|  |TAMS 0x0000000096c00000, 0x0000000096c00000| Untracked 
| 297|0x0000000096d00000, 0x0000000096d00000, 0x0000000096e00000|  0%| F|  |TAMS 0x0000000096d00000, 0x0000000096d00000| Untracked 
| 298|0x0000000096e00000, 0x0000000096e00000, 0x0000000096f00000|  0%| F|  |TAMS 0x0000000096e00000, 0x0000000096e00000| Untracked 
| 299|0x0000000096f00000, 0x0000000096f00000, 0x0000000097000000|  0%| F|  |TAMS 0x0000000096f00000, 0x0000000096f00000| Untracked 
| 300|0x0000000097000000, 0x0000000097000000, 0x0000000097100000|  0%| F|  |TAMS 0x0000000097000000, 0x0000000097000000| Untracked 
| 301|0x0000000097100000, 0x0000000097100000, 0x0000000097200000|  0%| F|  |TAMS 0x0000000097100000, 0x0000000097100000| Untracked 
| 302|0x0000000097200000, 0x0000000097200000, 0x0000000097300000|  0%| F|  |TAMS 0x0000000097200000, 0x0000000097200000| Untracked 
| 303|0x0000000097300000, 0x0000000097300000, 0x0000000097400000|  0%| F|  |TAMS 0x0000000097300000, 0x0000000097300000| Untracked 
| 304|0x0000000097400000, 0x0000000097400000, 0x0000000097500000|  0%| F|  |TAMS 0x0000000097400000, 0x0000000097400000| Untracked 
| 305|0x0000000097500000, 0x0000000097500000, 0x0000000097600000|  0%| F|  |TAMS 0x0000000097500000, 0x0000000097500000| Untracked 
| 306|0x0000000097600000, 0x0000000097600000, 0x0000000097700000|  0%| F|  |TAMS 0x0000000097600000, 0x0000000097600000| Untracked 
| 307|0x0000000097700000, 0x0000000097700000, 0x0000000097800000|  0%| F|  |TAMS 0x0000000097700000, 0x0000000097700000| Untracked 
| 308|0x0000000097800000, 0x0000000097800000, 0x0000000097900000|  0%| F|  |TAMS 0x0000000097800000, 0x0000000097800000| Untracked 
| 309|0x0000000097900000, 0x0000000097900000, 0x0000000097a00000|  0%| F|  |TAMS 0x0000000097900000, 0x0000000097900000| Untracked 
| 310|0x0000000097a00000, 0x0000000097a00000, 0x0000000097b00000|  0%| F|  |TAMS 0x0000000097a00000, 0x0000000097a00000| Untracked 
| 311|0x0000000097b00000, 0x0000000097b00000, 0x0000000097c00000|  0%| F|  |TAMS 0x0000000097b00000, 0x0000000097b00000| Untracked 
| 312|0x0000000097c00000, 0x0000000097c00000, 0x0000000097d00000|  0%| F|  |TAMS 0x0000000097c00000, 0x0000000097c00000| Untracked 
| 313|0x0000000097d00000, 0x0000000097d00000, 0x0000000097e00000|  0%| F|  |TAMS 0x0000000097d00000, 0x0000000097d00000| Untracked 
| 314|0x0000000097e00000, 0x0000000097e00000, 0x0000000097f00000|  0%| F|  |TAMS 0x0000000097e00000, 0x0000000097e00000| Untracked 
| 315|0x0000000097f00000, 0x0000000097f00000, 0x0000000098000000|  0%| F|  |TAMS 0x0000000097f00000, 0x0000000097f00000| Untracked 
| 316|0x0000000098000000, 0x0000000098000000, 0x0000000098100000|  0%| F|  |TAMS 0x0000000098000000, 0x0000000098000000| Untracked 
| 317|0x0000000098100000, 0x0000000098100000, 0x0000000098200000|  0%| F|  |TAMS 0x0000000098100000, 0x0000000098100000| Untracked 
| 318|0x0000000098200000, 0x0000000098200000, 0x0000000098300000|  0%| F|  |TAMS 0x0000000098200000, 0x0000000098200000| Untracked 
| 319|0x0000000098300000, 0x0000000098300000, 0x0000000098400000|  0%| F|  |TAMS 0x0000000098300000, 0x0000000098300000| Untracked 
| 320|0x0000000098400000, 0x0000000098400000, 0x0000000098500000|  0%| F|  |TAMS 0x0000000098400000, 0x0000000098400000| Untracked 
| 321|0x0000000098500000, 0x0000000098500000, 0x0000000098600000|  0%| F|  |TAMS 0x0000000098500000, 0x0000000098500000| Untracked 
| 322|0x0000000098600000, 0x0000000098600000, 0x0000000098700000|  0%| F|  |TAMS 0x0000000098600000, 0x0000000098600000| Untracked 
| 323|0x0000000098700000, 0x0000000098700000, 0x0000000098800000|  0%| F|  |TAMS 0x0000000098700000, 0x0000000098700000| Untracked 
| 324|0x0000000098800000, 0x0000000098800000, 0x0000000098900000|  0%| F|  |TAMS 0x0000000098800000, 0x0000000098800000| Untracked 
| 325|0x0000000098900000, 0x0000000098900000, 0x0000000098a00000|  0%| F|  |TAMS 0x0000000098900000, 0x0000000098900000| Untracked 
| 326|0x0000000098a00000, 0x0000000098a00000, 0x0000000098b00000|  0%| F|  |TAMS 0x0000000098a00000, 0x0000000098a00000| Untracked 
| 327|0x0000000098b00000, 0x0000000098b00000, 0x0000000098c00000|  0%| F|  |TAMS 0x0000000098b00000, 0x0000000098b00000| Untracked 
| 328|0x0000000098c00000, 0x0000000098c00000, 0x0000000098d00000|  0%| F|  |TAMS 0x0000000098c00000, 0x0000000098c00000| Untracked 
| 329|0x0000000098d00000, 0x0000000098d00000, 0x0000000098e00000|  0%| F|  |TAMS 0x0000000098d00000, 0x0000000098d00000| Untracked 
| 330|0x0000000098e00000, 0x0000000098e00000, 0x0000000098f00000|  0%| F|  |TAMS 0x0000000098e00000, 0x0000000098e00000| Untracked 
| 331|0x0000000098f00000, 0x0000000098f00000, 0x0000000099000000|  0%| F|  |TAMS 0x0000000098f00000, 0x0000000098f00000| Untracked 
| 332|0x0000000099000000, 0x0000000099000000, 0x0000000099100000|  0%| F|  |TAMS 0x0000000099000000, 0x0000000099000000| Untracked 
| 333|0x0000000099100000, 0x0000000099100000, 0x0000000099200000|  0%| F|  |TAMS 0x0000000099100000, 0x0000000099100000| Untracked 
| 334|0x0000000099200000, 0x0000000099200000, 0x0000000099300000|  0%| F|  |TAMS 0x0000000099200000, 0x0000000099200000| Untracked 
| 335|0x0000000099300000, 0x0000000099300000, 0x0000000099400000|  0%| F|  |TAMS 0x0000000099300000, 0x0000000099300000| Untracked 
| 336|0x0000000099400000, 0x0000000099400000, 0x0000000099500000|  0%| F|  |TAMS 0x0000000099400000, 0x0000000099400000| Untracked 
| 337|0x0000000099500000, 0x0000000099500000, 0x0000000099600000|  0%| F|  |TAMS 0x0000000099500000, 0x0000000099500000| Untracked 
| 338|0x0000000099600000, 0x0000000099600000, 0x0000000099700000|  0%| F|  |TAMS 0x0000000099600000, 0x0000000099600000| Untracked 
| 339|0x0000000099700000, 0x0000000099700000, 0x0000000099800000|  0%| F|  |TAMS 0x0000000099700000, 0x0000000099700000| Untracked 
| 340|0x0000000099800000, 0x0000000099800000, 0x0000000099900000|  0%| F|  |TAMS 0x0000000099800000, 0x0000000099800000| Untracked 
| 341|0x0000000099900000, 0x0000000099900000, 0x0000000099a00000|  0%| F|  |TAMS 0x0000000099900000, 0x0000000099900000| Untracked 
| 342|0x0000000099a00000, 0x0000000099a00000, 0x0000000099b00000|  0%| F|  |TAMS 0x0000000099a00000, 0x0000000099a00000| Untracked 
| 343|0x0000000099b00000, 0x0000000099b00000, 0x0000000099c00000|  0%| F|  |TAMS 0x0000000099b00000, 0x0000000099b00000| Untracked 
| 344|0x0000000099c00000, 0x0000000099c00000, 0x0000000099d00000|  0%| F|  |TAMS 0x0000000099c00000, 0x0000000099c00000| Untracked 
| 345|0x0000000099d00000, 0x0000000099d556f0, 0x0000000099e00000| 33%| O|  |TAMS 0x0000000099d556f0, 0x0000000099d00000| Untracked 

Card table byte_map: [0x0000022f88b80000,0x0000022f88f60000] _byte_map_base: 0x0000022f8875e000

Marking Bits (Prev, Next): (CMBitMap*) 0x0000022f8203c950, (CMBitMap*) 0x0000022f8203c990
 Prev Bits: [0x0000022f89340000, 0x0000022f8b230000)
 Next Bits: [0x0000022f8b230000, 0x0000022f8d120000)

Polling page: 0x0000022f817a0000

Metaspace:

Usage:
  Non-class:    149.35 MB used.
      Class:     19.27 MB used.
       Both:    168.62 MB used.

Virtual space:
  Non-class space:      152.00 MB reserved,     151.31 MB (>99%) committed,  19 nodes.
      Class space:        1.00 GB reserved,      21.62 MB (  2%) committed,  1 nodes.
             Both:        1.15 GB reserved,     172.94 MB ( 15%) committed. 

Chunk freelists:
   Non-Class:  704.00 KB
       Class:  2.33 MB
        Both:  3.01 MB

MaxMetaspaceSize: unlimited
CompressedClassSpaceSize: 1.00 GB
Initial GC threshold: 21.00 MB
Current GC threshold: 288.25 MB
CDS: off
MetaspaceReclaimPolicy: balanced
 - commit_granule_bytes: 65536.
 - commit_granule_words: 8192.
 - virtual_space_node_default_size: 1048576.
 - enlarge_chunks_in_place: 1.
 - new_chunks_are_fully_committed: 0.
 - uncommit_free_chunks: 1.
 - use_allocation_guard: 0.
 - handle_deallocations: 1.


Internal statistics:

num_allocs_failed_limit: 14.
num_arena_births: 7532.
num_arena_deaths: 3924.
num_vsnodes_births: 20.
num_vsnodes_deaths: 0.
num_space_committed: 2767.
num_space_uncommitted: 0.
num_chunks_returned_to_freelist: 5050.
num_chunks_taken_from_freelist: 18282.
num_chunk_merges: 1285.
num_chunk_splits: 9113.
num_chunks_enlarged: 4981.
num_purges: 678.
num_inconsistent_stats: 0.

CodeCache: size=49152Kb used=43740Kb max_used=46017Kb free=5411Kb
 bounds [0x0000022f85690000, 0x0000022f88410000, 0x0000022f88690000]
 total_blobs=24348 nmethods=23427 adapters=847
 compilation: enabled
              stopped_count=0, restarted_count=0
 full_count=0

Compilation events (20 events):
Event: 3420.428 Thread 0x0000022f9083dc60 47444       1       edu.ucmerced.chealth.datasource.health.domain.Totals::setSex (6 bytes)
Event: 3420.428 Thread 0x0000022f9ab70070 47443       1       edu.ucmerced.chealth.datasource.health.domain.Totals::setEthnicity (6 bytes)
Event: 3420.429 Thread 0x0000022f9083dc60 nmethod 47444 0x0000022f860ff290 code [0x0000022f860ff420, 0x0000022f860ff538]
Event: 3420.429 Thread 0x0000022f9ab70070 nmethod 47443 0x0000022f860fef90 code [0x0000022f860ff120, 0x0000022f860ff238]
Event: 3420.429 Thread 0x0000022f9083dc60 47445       1       edu.ucmerced.chealth.datasource.health.domain.Totals::setAgeGroup (6 bytes)
Event: 3420.429 Thread 0x0000022f9ab70070 47446       1       edu.ucmerced.chealth.datasource.health.domain.Totals::setCases (6 bytes)
Event: 3420.429 Thread 0x0000022f9083dc60 nmethod 47445 0x0000022f860fec90 code [0x0000022f860fee20, 0x0000022f860fef38]
Event: 3420.429 Thread 0x0000022f9ab70070 nmethod 47446 0x0000022f860fe910 code [0x0000022f860feaa0, 0x0000022f860febb8]
Event: 3420.429 Thread 0x0000022f9083dc60 47447       1       edu.ucmerced.chealth.datasource.health.domain.Totals::setCosts (6 bytes)
Event: 3420.429 Thread 0x0000022f9ab70070 47448       1       edu.ucmerced.chealth.datasource.health.domain.Totals::setPopulation (6 bytes)
Event: 3420.430 Thread 0x0000022f9083dc60 nmethod 47447 0x0000022f85b74110 code [0x0000022f85b742a0, 0x0000022f85b743b8]
Event: 3420.430 Thread 0x0000022f9ab70070 nmethod 47448 0x0000022f85b73e10 code [0x0000022f85b73fa0, 0x0000022f85b740b8]
Event: 3420.430 Thread 0x0000022f9083dc60 47449       1       edu.ucmerced.chealth.datasource.health.domain.Totals::setPrevalenceRate (6 bytes)
Event: 3420.430 Thread 0x0000022f9083dc60 nmethod 47449 0x0000022f85b73b10 code [0x0000022f85b73ca0, 0x0000022f85b73db8]
Event: 3420.440 Thread 0x0000022f9ab70070 47450   !   1       jdk.proxy217.$Proxy2468::createNativeEntityManager (36 bytes)
Event: 3420.440 Thread 0x0000022f9ab70070 nmethod 47450 0x0000022f85b4bd90 code [0x0000022f85b4bf60, 0x0000022f85b4c2d8]
Event: 3420.441 Thread 0x0000022f9ab70070 47451   !   1       jdk.proxy217.$Proxy2469::persist (34 bytes)
Event: 3420.442 Thread 0x0000022f9ab70070 nmethod 47451 0x0000022f8584c210 code [0x0000022f8584c3c0, 0x0000022f8584c6f8]
Event: 3420.462 Thread 0x0000022f9ab70070 47452   !   1       jdk.proxy217.$Proxy2477::save (36 bytes)
Event: 3420.463 Thread 0x0000022f9ab70070 nmethod 47452 0x0000022f87175690 code [0x0000022f87175840, 0x0000022f87175b78]

GC Heap History (20 events):
Event: 3416.647 GC heap after
{Heap after GC invocations=2704 (full 213):
 garbage-first heap   total 280576K, used 79945K [0x0000000084400000, 0x0000000100000000)
  region size 1024K, 0 young (0K), 0 survivors (0K)
 Metaspace       used 172231K, committed 176704K, reserved 1204224K
  class space    used 19692K, committed 22144K, reserved 1048576K
}
Event: 3418.545 GC heap before
{Heap before GC invocations=2704 (full 213):
 garbage-first heap   total 280576K, used 176201K [0x0000000084400000, 0x0000000100000000)
  region size 1024K, 95 young (97280K), 0 survivors (0K)
 Metaspace       used 172625K, committed 177088K, reserved 1204224K
  class space    used 19731K, committed 22144K, reserved 1048576K
}
Event: 3418.559 GC heap after
{Heap after GC invocations=2705 (full 213):
 garbage-first heap   total 280576K, used 97803K [0x0000000084400000, 0x0000000100000000)
  region size 1024K, 18 young (18432K), 18 survivors (18432K)
 Metaspace       used 172625K, committed 177088K, reserved 1204224K
  class space    used 19731K, committed 22144K, reserved 1048576K
}
Event: 3419.706 GC heap before
{Heap before GC invocations=2706 (full 213):
 garbage-first heap   total 280576K, used 220683K [0x0000000084400000, 0x0000000100000000)
  region size 1024K, 137 young (140288K), 18 survivors (18432K)
 Metaspace       used 172610K, committed 177088K, reserved 1204224K
  class space    used 19728K, committed 22144K, reserved 1048576K
}
Event: 3419.773 GC heap after
{Heap after GC invocations=2707 (full 213):
 garbage-first heap   total 280576K, used 102200K [0x0000000084400000, 0x0000000100000000)
  region size 1024K, 10 young (10240K), 10 survivors (10240K)
 Metaspace       used 172610K, committed 177088K, reserved 1204224K
  class space    used 19728K, committed 22144K, reserved 1048576K
}
Event: 3420.136 GC heap before
{Heap before GC invocations=2707 (full 213):
 garbage-first heap   total 280576K, used 219960K [0x0000000084400000, 0x0000000100000000)
  region size 1024K, 125 young (128000K), 10 survivors (10240K)
 Metaspace       used 172610K, committed 177088K, reserved 1204224K
  class space    used 19728K, committed 22144K, reserved 1048576K
}
Event: 3420.150 GC heap after
{Heap after GC invocations=2708 (full 213):
 garbage-first heap   total 280576K, used 102611K [0x0000000084400000, 0x0000000100000000)
  region size 1024K, 2 young (2048K), 2 survivors (2048K)
 Metaspace       used 172610K, committed 177088K, reserved 1204224K
  class space    used 19728K, committed 22144K, reserved 1048576K
}
Event: 3421.493 GC heap before
{Heap before GC invocations=2708 (full 213):
 garbage-first heap   total 280576K, used 223443K [0x0000000084400000, 0x0000000100000000)
  region size 1024K, 120 young (122880K), 2 survivors (2048K)
 Metaspace       used 172625K, committed 177088K, reserved 1204224K
  class space    used 19731K, committed 22144K, reserved 1048576K
}
Event: 3421.498 GC heap after
{Heap after GC invocations=2709 (full 213):
 garbage-first heap   total 280576K, used 102272K [0x0000000084400000, 0x0000000100000000)
  region size 1024K, 2 young (2048K), 2 survivors (2048K)
 Metaspace       used 172625K, committed 177088K, reserved 1204224K
  class space    used 19731K, committed 22144K, reserved 1048576K
}
Event: 3423.662 GC heap before
{Heap before GC invocations=2709 (full 213):
 garbage-first heap   total 280576K, used 226176K [0x0000000084400000, 0x0000000100000000)
  region size 1024K, 123 young (125952K), 2 survivors (2048K)
 Metaspace       used 172625K, committed 177088K, reserved 1204224K
  class space    used 19731K, committed 22144K, reserved 1048576K
}
Event: 3423.669 GC heap after
{Heap after GC invocations=2710 (full 213):
 garbage-first heap   total 280576K, used 104529K [0x0000000084400000, 0x0000000100000000)
  region size 1024K, 4 young (4096K), 4 survivors (4096K)
 Metaspace       used 172625K, committed 177088K, reserved 1204224K
  class space    used 19731K, committed 22144K, reserved 1048576K
}
Event: 3425.714 GC heap before
{Heap before GC invocations=2710 (full 213):
 garbage-first heap   total 280576K, used 229457K [0x0000000084400000, 0x0000000100000000)
  region size 1024K, 126 young (129024K), 4 survivors (4096K)
 Metaspace       used 172625K, committed 177088K, reserved 1204224K
  class space    used 19731K, committed 22144K, reserved 1048576K
}
Event: 3425.725 GC heap after
{Heap after GC invocations=2711 (full 213):
 garbage-first heap   total 280576K, used 107261K [0x0000000084400000, 0x0000000100000000)
  region size 1024K, 7 young (7168K), 7 survivors (7168K)
 Metaspace       used 172625K, committed 177088K, reserved 1204224K
  class space    used 19731K, committed 22144K, reserved 1048576K
}
Event: 3428.452 GC heap before
{Heap before GC invocations=2711 (full 213):
 garbage-first heap   total 280576K, used 231165K [0x0000000084400000, 0x0000000100000000)
  region size 1024K, 128 young (131072K), 7 survivors (7168K)
 Metaspace       used 172625K, committed 177088K, reserved 1204224K
  class space    used 19731K, committed 22144K, reserved 1048576K
}
Event: 3428.471 GC heap after
{Heap after GC invocations=2712 (full 213):
 garbage-first heap   total 280576K, used 109778K [0x0000000084400000, 0x0000000100000000)
  region size 1024K, 9 young (9216K), 9 survivors (9216K)
 Metaspace       used 172625K, committed 177088K, reserved 1204224K
  class space    used 19731K, committed 22144K, reserved 1048576K
}
Event: 3430.642 GC heap before
{Heap before GC invocations=2712 (full 213):
 garbage-first heap   total 280576K, used 233682K [0x0000000084400000, 0x0000000100000000)
  region size 1024K, 130 young (133120K), 9 survivors (9216K)
 Metaspace       used 172625K, committed 177088K, reserved 1204224K
  class space    used 19731K, committed 22144K, reserved 1048576K
}
Event: 3430.657 GC heap after
{Heap after GC invocations=2713 (full 213):
 garbage-first heap   total 280576K, used 112482K [0x0000000084400000, 0x0000000100000000)
  region size 1024K, 12 young (12288K), 12 survivors (12288K)
 Metaspace       used 172625K, committed 177088K, reserved 1204224K
  class space    used 19731K, committed 22144K, reserved 1048576K
}
Event: 3431.777 GC heap before
{Heap before GC invocations=2713 (full 213):
 garbage-first heap   total 280576K, used 234338K [0x0000000084400000, 0x0000000100000000)
  region size 1024K, 131 young (134144K), 12 survivors (12288K)
 Metaspace       used 172625K, committed 177088K, reserved 1204224K
  class space    used 19731K, committed 22144K, reserved 1048576K
}
Event: 3431.807 GC heap after
{Heap after GC invocations=2714 (full 213):
 garbage-first heap   total 280576K, used 115198K [0x0000000084400000, 0x0000000100000000)
  region size 1024K, 11 young (11264K), 11 survivors (11264K)
 Metaspace       used 172625K, committed 177088K, reserved 1204224K
  class space    used 19731K, committed 22144K, reserved 1048576K
}
Event: 3433.171 GC heap before
{Heap before GC invocations=2714 (full 213):
 garbage-first heap   total 280576K, used 236030K [0x0000000084400000, 0x0000000100000000)
  region size 1024K, 129 young (132096K), 11 survivors (11264K)
 Metaspace       used 172664K, committed 177088K, reserved 1204224K
  class space    used 19733K, committed 22144K, reserved 1048576K
}

Deoptimization events (20 events):
Event: 3362.091 Thread 0x0000022f97e00330 DEOPT PACKING pc=0x0000022f85e6c64e sp=0x0000004a6e0fb5f0
Event: 3362.091 Thread 0x0000022f97e00330 DEOPT UNPACKING pc=0x0000022f856e6763 sp=0x0000004a6e0fab40 mode 3
Event: 3377.527 Thread 0x0000022f97df8350 DEOPT PACKING pc=0x0000022f85bacb81 sp=0x0000004a6e0fe010
Event: 3377.527 Thread 0x0000022f97df8350 DEOPT UNPACKING pc=0x0000022f856e6763 sp=0x0000004a6e0fd4b8 mode 3
Event: 3378.118 Thread 0x0000022f97df8350 DEOPT PACKING pc=0x0000022f859347dc sp=0x0000004a6e0fb560
Event: 3378.118 Thread 0x0000022f97df8350 DEOPT UNPACKING pc=0x0000022f856e6763 sp=0x0000004a6e0faa08 mode 3
Event: 3378.131 Thread 0x0000022f97df8350 DEOPT PACKING pc=0x0000022f8593d2ef sp=0x0000004a6e0fb440
Event: 3378.131 Thread 0x0000022f97df8350 DEOPT UNPACKING pc=0x0000022f856e6763 sp=0x0000004a6e0fa998 mode 3
Event: 3378.165 Thread 0x0000022f97df8350 DEOPT PACKING pc=0x0000022f8591efb6 sp=0x0000004a6e0fc000
Event: 3378.165 Thread 0x0000022f97df8350 DEOPT UNPACKING pc=0x0000022f856e6763 sp=0x0000004a6e0fb4a8 mode 3
Event: 3378.165 Thread 0x0000022f97df8350 DEOPT PACKING pc=0x0000022f8591e3ee sp=0x0000004a6e0fbf10
Event: 3378.166 Thread 0x0000022f97df8350 DEOPT UNPACKING pc=0x0000022f856e6763 sp=0x0000004a6e0fb408 mode 3
Event: 3378.444 Thread 0x0000022f97df8350 DEOPT PACKING pc=0x0000022f85db0808 sp=0x0000004a6e0f94f0
Event: 3378.444 Thread 0x0000022f97df8350 DEOPT UNPACKING pc=0x0000022f856e6763 sp=0x0000004a6e0f8990 mode 3
Event: 3394.835 Thread 0x0000022f98225990 DEOPT PACKING pc=0x0000022f85bcd0a3 sp=0x0000004a6e0fd1e0
Event: 3394.835 Thread 0x0000022f98225990 DEOPT UNPACKING pc=0x0000022f856e6763 sp=0x0000004a6e0fc680 mode 3
Event: 3396.264 Thread 0x0000022f98225990 DEOPT PACKING pc=0x0000022f85af410c sp=0x0000004a6e0fc340
Event: 3396.264 Thread 0x0000022f98225990 DEOPT UNPACKING pc=0x0000022f856e6763 sp=0x0000004a6e0fb7e0 mode 3
Event: 3417.731 Thread 0x0000022f978951f0 DEOPT PACKING pc=0x0000022f85a415fa sp=0x0000004a6e0fdaa0
Event: 3417.731 Thread 0x0000022f978951f0 DEOPT UNPACKING pc=0x0000022f856e6763 sp=0x0000004a6e0fcf70 mode 3

Classes unloaded (20 events):
Event: 3394.265 Thread 0x0000022f8fbad770 Unloading class 0x00000001014f8400 'jdk/internal/reflect/GeneratedMethodAccessor1313'
Event: 3394.265 Thread 0x0000022f8fbad770 Unloading class 0x00000001014f8000 'jdk/internal/reflect/GeneratedConstructorAccessor1543'
Event: 3394.266 Thread 0x0000022f8fbad770 Unloading class 0x00000001014f2400 'jdk/internal/reflect/GeneratedConstructorAccessor1542'
Event: 3394.266 Thread 0x0000022f8fbad770 Unloading class 0x00000001014f1000 'jdk/internal/reflect/GeneratedMethodAccessor1312'
Event: 3394.266 Thread 0x0000022f8fbad770 Unloading class 0x00000001014f0c00 'jdk/internal/reflect/GeneratedConstructorAccessor1539'
Event: 3394.266 Thread 0x0000022f8fbad770 Unloading class 0x00000001014f0800 'jdk/internal/reflect/GeneratedMethodAccessor1311'
Event: 3394.266 Thread 0x0000022f8fbad770 Unloading class 0x00000001014f0400 'jdk/internal/reflect/GeneratedMethodAccessor1310'
Event: 3394.266 Thread 0x0000022f8fbad770 Unloading class 0x00000001014f0000 'jdk/internal/reflect/GeneratedConstructorAccessor1538'
Event: 3394.266 Thread 0x0000022f8fbad770 Unloading class 0x00000001014ecc00 'jdk/internal/reflect/GeneratedMethodAccessor1309'
Event: 3394.266 Thread 0x0000022f8fbad770 Unloading class 0x00000001014ec800 'jdk/internal/reflect/GeneratedConstructorAccessor1537'
Event: 3394.266 Thread 0x0000022f8fbad770 Unloading class 0x00000001014ec400 'jdk/internal/reflect/GeneratedConstructorAccessor1536'
Event: 3415.859 Thread 0x0000022f8fbad770 Unloading class 0x00000001014e0400 'org/apache/catalina/loader/JdbcLeakPrevention'
Event: 3418.697 Thread 0x0000022f8fbad770 Unloading class 0x0000000101509000 'jdk/internal/reflect/GeneratedMethodAccessor1320'
Event: 3418.697 Thread 0x0000022f8fbad770 Unloading class 0x0000000101508c00 'jdk/internal/reflect/GeneratedConstructorAccessor1551'
Event: 3418.697 Thread 0x0000022f8fbad770 Unloading class 0x0000000101508800 'jdk/internal/reflect/GeneratedMethodAccessor1319'
Event: 3418.697 Thread 0x0000022f8fbad770 Unloading class 0x0000000101508400 'jdk/internal/reflect/GeneratedMethodAccessor1318'
Event: 3418.697 Thread 0x0000022f8fbad770 Unloading class 0x0000000101508000 'jdk/internal/reflect/GeneratedConstructorAccessor1550'
Event: 3418.697 Thread 0x0000022f8fbad770 Unloading class 0x0000000101504c00 'jdk/internal/reflect/GeneratedMethodAccessor1317'
Event: 3418.697 Thread 0x0000022f8fbad770 Unloading class 0x0000000101504800 'jdk/internal/reflect/GeneratedConstructorAccessor1549'
Event: 3418.697 Thread 0x0000022f8fbad770 Unloading class 0x0000000101504400 'jdk/internal/reflect/GeneratedConstructorAccessor1548'

Classes redefined (0 events):
No events

Internal exceptions (20 events):
Event: 3418.383 Thread 0x0000022f978951f0 Exception <a 'sun/nio/fs/WindowsException'{0x0000000090c5e390}> (0x0000000090c5e390) 
thrown [s\src\hotspot\share\prims\jni.cpp, line 516]
Event: 3432.859 Thread 0x0000022f978951f0 Exception <a 'java/lang/ClassNotFoundException'{0x000000008d9cb198}: java/lang/ObjectCustomizer> (0x000000008d9cb198) 
thrown [s\src\hotspot\share\classfile\systemDictionary.cpp, line 256]
Event: 3432.870 Thread 0x0000022f978951f0 Exception <a 'java/lang/ClassNotFoundException'{0x000000008d9d5098}: edu/ucmerced/chealth/service/SearchFormatterCustomizer> (0x000000008d9d5098) 
thrown [s\src\hotspot\share\classfile\systemDictionary.cpp, line 256]
Event: 3432.994 Thread 0x0000022f978951f0 Exception <a 'java/lang/ClassNotFoundException'{0x000000008d6210c0}: java/lang/ObjectCustomizer> (0x000000008d6210c0) 
thrown [s\src\hotspot\share\classfile\systemDictionary.cpp, line 256]
Event: 3432.995 Thread 0x0000022f978951f0 Exception <a 'java/lang/ClassNotFoundException'{0x000000008d62af60}: edu/ucmerced/chealth/service/SearchServiceCustomizer> (0x000000008d62af60) 
thrown [s\src\hotspot\share\classfile\systemDictionary.cpp, line 256]
Event: 3432.998 Thread 0x0000022f978951f0 Exception <a 'java/lang/ClassNotFoundException'{0x000000008d636720}: java/lang/ObjectCustomizer> (0x000000008d636720) 
thrown [s\src\hotspot\share\classfile\systemDictionary.cpp, line 256]
Event: 3432.998 Thread 0x0000022f978951f0 Exception <a 'java/lang/ClassNotFoundException'{0x000000008d640560}: edu/ucmerced/chealth/service/WebServiceCustomizer> (0x000000008d640560) 
thrown [s\src\hotspot\share\classfile\systemDictionary.cpp, line 256]
Event: 3433.024 Thread 0x0000022f978951f0 Exception <a 'java/lang/ClassNotFoundException'{0x000000008d67f398}: java/lang/ObjectCustomizer> (0x000000008d67f398) 
thrown [s\src\hotspot\share\classfile\systemDictionary.cpp, line 256]
Event: 3433.025 Thread 0x0000022f978951f0 Exception <a 'java/lang/ClassNotFoundException'{0x000000008d689208}: edu/ucmerced/chealth/web/ExportControllerCustomizer> (0x000000008d689208) 
thrown [s\src\hotspot\share\classfile\systemDictionary.cpp, line 256]
Event: 3433.031 Thread 0x0000022f978951f0 Exception <a 'java/lang/ClassNotFoundException'{0x000000008d6a6088}: java/lang/ObjectCustomizer> (0x000000008d6a6088) 
thrown [s\src\hotspot\share\classfile\systemDictionary.cpp, line 256]
Event: 3433.033 Thread 0x0000022f978951f0 Exception <a 'java/lang/ClassNotFoundException'{0x000000008d6afed8}: edu/ucmerced/chealth/web/HealthControllerCustomizer> (0x000000008d6afed8) 
thrown [s\src\hotspot\share\classfile\systemDictionary.cpp, line 256]
Event: 3433.036 Thread 0x0000022f978951f0 Exception <a 'java/lang/ClassNotFoundException'{0x000000008d6ce320}: java/lang/ObjectCustomizer> (0x000000008d6ce320) 
thrown [s\src\hotspot\share\classfile\systemDictionary.cpp, line 256]
Event: 3433.036 Thread 0x0000022f978951f0 Exception <a 'java/lang/ClassNotFoundException'{0x000000008d6d8170}: edu/ucmerced/chealth/web/LegacyControllerCustomizer> (0x000000008d6d8170) 
thrown [s\src\hotspot\share\classfile\systemDictionary.cpp, line 256]
Event: 3433.039 Thread 0x0000022f978951f0 Exception <a 'java/lang/ClassNotFoundException'{0x000000008d6e42d8}: java/lang/ObjectCustomizer> (0x000000008d6e42d8) 
thrown [s\src\hotspot\share\classfile\systemDictionary.cpp, line 256]
Event: 3433.040 Thread 0x0000022f978951f0 Exception <a 'java/lang/ClassNotFoundException'{0x000000008d6ee0c8}: edu/ucmerced/chealth/web/PageControllerCustomizer> (0x000000008d6ee0c8) 
thrown [s\src\hotspot\share\classfile\systemDictionary.cpp, line 256]
Event: 3433.042 Thread 0x0000022f978951f0 Exception <a 'java/lang/ClassNotFoundException'{0x000000008d6ff6c8}: java/lang/ObjectCustomizer> (0x000000008d6ff6c8) 
thrown [s\src\hotspot\share\classfile\systemDictionary.cpp, line 256]
Event: 3433.043 Thread 0x0000022f978951f0 Exception <a 'java/lang/ClassNotFoundException'{0x000000008d509550}: edu/ucmerced/chealth/web/SearchControllerCustomizer> (0x000000008d509550) 
thrown [s\src\hotspot\share\classfile\systemDictionary.cpp, line 256]
Event: 3433.047 Thread 0x0000022f978951f0 Exception <a 'java/lang/ClassNotFoundException'{0x000000008d51ac78}: java/lang/ObjectCustomizer> (0x000000008d51ac78) 
thrown [s\src\hotspot\share\classfile\systemDictionary.cpp, line 256]
Event: 3433.048 Thread 0x0000022f978951f0 Exception <a 'java/lang/ClassNotFoundException'{0x000000008d524ac8}: edu/ucmerced/chealth/web/TroubleControllerCustomizer> (0x000000008d524ac8) 
thrown [s\src\hotspot\share\classfile\systemDictionary.cpp, line 256]
Event: 3433.051 Thread 0x0000022f978951f0 Exception <a 'java/lang/ClassNotFoundException'{0x000000008d52ce18}: org/springframework/boot/web/servlet/error/ErrorControllerCustomizer> (0x000000008d52ce18) 
thrown [s\src\hotspot\share\classfile\systemDictionary.cpp, line 256]

VM Operations (20 events):
Event: 3418.770 Executing VM operation: G1Concurrent done
Event: 3419.706 Executing VM operation: G1CollectForAllocation
Event: 3419.773 Executing VM operation: G1CollectForAllocation done
Event: 3420.136 Executing VM operation: G1CollectForAllocation
Event: 3420.150 Executing VM operation: G1CollectForAllocation done
Event: 3420.429 Executing VM operation: HandshakeAllThreads
Event: 3420.429 Executing VM operation: HandshakeAllThreads done
Event: 3421.493 Executing VM operation: G1CollectForAllocation
Event: 3421.498 Executing VM operation: G1CollectForAllocation done
Event: 3423.662 Executing VM operation: G1CollectForAllocation
Event: 3423.669 Executing VM operation: G1CollectForAllocation done
Event: 3425.714 Executing VM operation: G1CollectForAllocation
Event: 3425.725 Executing VM operation: G1CollectForAllocation done
Event: 3428.452 Executing VM operation: G1CollectForAllocation
Event: 3428.471 Executing VM operation: G1CollectForAllocation done
Event: 3430.642 Executing VM operation: G1CollectForAllocation
Event: 3430.657 Executing VM operation: G1CollectForAllocation done
Event: 3431.777 Executing VM operation: G1CollectForAllocation
Event: 3431.807 Executing VM operation: G1CollectForAllocation done
Event: 3433.171 Executing VM operation: G1CollectForAllocation

Events (20 events):
Event: 3433.031 loading class java/lang/ObjectCustomizer
Event: 3433.031 loading class java/lang/ObjectCustomizer done
Event: 3433.031 loading class java/lang/ObjectCustomizer
Event: 3433.031 loading class java/lang/ObjectCustomizer done
Event: 3433.036 loading class java/lang/ObjectCustomizer
Event: 3433.036 loading class java/lang/ObjectCustomizer done
Event: 3433.036 loading class java/lang/ObjectCustomizer
Event: 3433.036 loading class java/lang/ObjectCustomizer done
Event: 3433.039 loading class java/lang/ObjectCustomizer
Event: 3433.039 loading class java/lang/ObjectCustomizer done
Event: 3433.039 loading class java/lang/ObjectCustomizer
Event: 3433.039 loading class java/lang/ObjectCustomizer done
Event: 3433.042 loading class java/lang/ObjectCustomizer
Event: 3433.042 loading class java/lang/ObjectCustomizer done
Event: 3433.042 loading class java/lang/ObjectCustomizer
Event: 3433.042 loading class java/lang/ObjectCustomizer done
Event: 3433.047 loading class java/lang/ObjectCustomizer
Event: 3433.047 loading class java/lang/ObjectCustomizer done
Event: 3433.047 loading class java/lang/ObjectCustomizer
Event: 3433.047 loading class java/lang/ObjectCustomizer done


Dynamic libraries:
0x00007ff7b1760000 - 0x00007ff7b176e000 	D:\soft\spring-tool-suite-4-4.16.0.RELEASE-e4.25.0-win32.win32.x86_64.self-extracting\contents\sts-4.16.0.RELEASE\plugins\org.eclipse.justj.openjdk.hotspot.jre.full.win32.x86_64_17.0.4.v20220903-1038\jre\bin\javaw.exe
0x00007ffe190d0000 - 0x00007ffe192e4000 	C:\WINDOWS\SYSTEM32\ntdll.dll
0x00007ffe18a10000 - 0x00007ffe18ad2000 	C:\WINDOWS\System32\KERNEL32.DLL
0x00007ffe16a70000 - 0x00007ffe16e0d000 	C:\WINDOWS\System32\KERNELBASE.dll
0x00007ffe165a0000 - 0x00007ffe166b1000 	C:\WINDOWS\System32\ucrtbase.dll
0x00007ffdfc480000 - 0x00007ffdfc499000 	D:\soft\spring-tool-suite-4-4.16.0.RELEASE-e4.25.0-win32.win32.x86_64.self-extracting\contents\sts-4.16.0.RELEASE\plugins\org.eclipse.justj.openjdk.hotspot.jre.full.win32.x86_64_17.0.4.v20220903-1038\jre\bin\VCRUNTIME140.dll
0x00007ffdfda00000 - 0x00007ffdfda18000 	D:\soft\spring-tool-suite-4-4.16.0.RELEASE-e4.25.0-win32.win32.x86_64.self-extracting\contents\sts-4.16.0.RELEASE\plugins\org.eclipse.justj.openjdk.hotspot.jre.full.win32.x86_64_17.0.4.v20220903-1038\jre\bin\jli.dll
0x00007ffe16ed0000 - 0x00007ffe1707d000 	C:\WINDOWS\System32\USER32.dll
0x00007ffe16a40000 - 0x00007ffe16a66000 	C:\WINDOWS\System32\win32u.dll
0x00007ffe05480000 - 0x00007ffe0570e000 	C:\WINDOWS\WinSxS\amd64_microsoft.windows.common-controls_6595b64144ccf1df_6.0.22621.436_none_a94247dbc10d8414\COMCTL32.dll
0x00007ffe19040000 - 0x00007ffe19069000 	C:\WINDOWS\System32\GDI32.dll
0x00007ffe183e0000 - 0x00007ffe18487000 	C:\WINDOWS\System32\msvcrt.dll
0x00007ffe16920000 - 0x00007ffe16a32000 	C:\WINDOWS\System32\gdi32full.dll
0x00007ffe16500000 - 0x00007ffe1659a000 	C:\WINDOWS\System32\msvcp_win.dll
0x00007ffe189d0000 - 0x00007ffe18a02000 	C:\WINDOWS\System32\IMM32.DLL
0x00007ffdfc470000 - 0x00007ffdfc47c000 	D:\soft\spring-tool-suite-4-4.16.0.RELEASE-e4.25.0-win32.win32.x86_64.self-extracting\contents\sts-4.16.0.RELEASE\plugins\org.eclipse.justj.openjdk.hotspot.jre.full.win32.x86_64_17.0.4.v20220903-1038\jre\bin\vcruntime140_1.dll
0x00007ffdf65e0000 - 0x00007ffdf6671000 	D:\soft\spring-tool-suite-4-4.16.0.RELEASE-e4.25.0-win32.win32.x86_64.self-extracting\contents\sts-4.16.0.RELEASE\plugins\org.eclipse.justj.openjdk.hotspot.jre.full.win32.x86_64_17.0.4.v20220903-1038\jre\bin\msvcp140.dll
0x00007ffda9740000 - 0x00007ffdaa386000 	D:\soft\spring-tool-suite-4-4.16.0.RELEASE-e4.25.0-win32.win32.x86_64.self-extracting\contents\sts-4.16.0.RELEASE\plugins\org.eclipse.justj.openjdk.hotspot.jre.full.win32.x86_64_17.0.4.v20220903-1038\jre\bin\server\jvm.dll
0x00007ffe18ae0000 - 0x00007ffe18b8e000 	C:\WINDOWS\System32\ADVAPI32.dll
0x00007ffe182b0000 - 0x00007ffe18354000 	C:\WINDOWS\System32\sechost.dll
0x00007ffe17180000 - 0x00007ffe17295000 	C:\WINDOWS\System32\RPCRT4.dll
0x00007ffe17cb0000 - 0x00007ffe17cb8000 	C:\WINDOWS\System32\PSAPI.DLL
0x00007ffe0b380000 - 0x00007ffe0b3b4000 	C:\WINDOWS\SYSTEM32\WINMM.dll
0x00007ffde4f40000 - 0x00007ffde4f49000 	C:\WINDOWS\SYSTEM32\WSOCK32.dll
0x00007ffe0b2a0000 - 0x00007ffe0b2aa000 	C:\WINDOWS\SYSTEM32\VERSION.dll
0x00007ffe18360000 - 0x00007ffe183d1000 	C:\WINDOWS\System32\WS2_32.dll
0x00007ffe15570000 - 0x00007ffe15588000 	C:\WINDOWS\SYSTEM32\kernel.appcore.dll
0x00007ffe10ad0000 - 0x00007ffe10ada000 	D:\soft\spring-tool-suite-4-4.16.0.RELEASE-e4.25.0-win32.win32.x86_64.self-extracting\contents\sts-4.16.0.RELEASE\plugins\org.eclipse.justj.openjdk.hotspot.jre.full.win32.x86_64_17.0.4.v20220903-1038\jre\bin\jimage.dll
0x00007ffe13e80000 - 0x00007ffe140ae000 	C:\WINDOWS\SYSTEM32\DBGHELP.DLL
0x00007ffe185b0000 - 0x00007ffe1893a000 	C:\WINDOWS\System32\combase.dll
0x00007ffe18e60000 - 0x00007ffe18f37000 	C:\WINDOWS\System32\OLEAUT32.dll
0x00007ffe06b30000 - 0x00007ffe06b62000 	C:\WINDOWS\SYSTEM32\dbgcore.DLL
0x00007ffe16730000 - 0x00007ffe167ab000 	C:\WINDOWS\System32\bcryptPrimitives.dll
0x00007ffdfc4a0000 - 0x00007ffdfc4c5000 	D:\soft\spring-tool-suite-4-4.16.0.RELEASE-e4.25.0-win32.win32.x86_64.self-extracting\contents\sts-4.16.0.RELEASE\plugins\org.eclipse.justj.openjdk.hotspot.jre.full.win32.x86_64_17.0.4.v20220903-1038\jre\bin\java.dll
0x00007ffdf7df0000 - 0x00007ffdf7e08000 	D:\soft\spring-tool-suite-4-4.16.0.RELEASE-e4.25.0-win32.win32.x86_64.self-extracting\contents\sts-4.16.0.RELEASE\plugins\org.eclipse.justj.openjdk.hotspot.jre.full.win32.x86_64_17.0.4.v20220903-1038\jre\bin\zip.dll
0x00007ffe172a0000 - 0x00007ffe17a80000 	C:\WINDOWS\System32\SHELL32.dll
0x00007ffe14540000 - 0x00007ffe14e08000 	C:\WINDOWS\SYSTEM32\windows.storage.dll
0x00007ffe14400000 - 0x00007ffe1453e000 	C:\WINDOWS\SYSTEM32\wintypes.dll
0x00007ffe17080000 - 0x00007ffe17171000 	C:\WINDOWS\System32\SHCORE.dll
0x00007ffe18550000 - 0x00007ffe185ae000 	C:\WINDOWS\System32\shlwapi.dll
0x00007ffe16430000 - 0x00007ffe16451000 	C:\WINDOWS\SYSTEM32\profapi.dll
0x00007ffdf7c70000 - 0x00007ffdf7c89000 	D:\soft\spring-tool-suite-4-4.16.0.RELEASE-e4.25.0-win32.win32.x86_64.self-extracting\contents\sts-4.16.0.RELEASE\plugins\org.eclipse.justj.openjdk.hotspot.jre.full.win32.x86_64_17.0.4.v20220903-1038\jre\bin\net.dll
0x00007ffe0d2b0000 - 0x00007ffe0d3df000 	C:\WINDOWS\SYSTEM32\WINHTTP.dll
0x00007ffe15a40000 - 0x00007ffe15aa9000 	C:\WINDOWS\system32\mswsock.dll
0x00007ffdf7c00000 - 0x00007ffdf7c15000 	D:\soft\spring-tool-suite-4-4.16.0.RELEASE-e4.25.0-win32.win32.x86_64.self-extracting\contents\sts-4.16.0.RELEASE\plugins\org.eclipse.justj.openjdk.hotspot.jre.full.win32.x86_64_17.0.4.v20220903-1038\jre\bin\nio.dll
0x00007ffdfbfc0000 - 0x00007ffdfbfc9000 	D:\soft\spring-tool-suite-4-4.16.0.RELEASE-e4.25.0-win32.win32.x86_64.self-extracting\contents\sts-4.16.0.RELEASE\plugins\org.eclipse.justj.openjdk.hotspot.jre.full.win32.x86_64_17.0.4.v20220903-1038\jre\bin\management.dll
0x00007ffdfbfb0000 - 0x00007ffdfbfbb000 	D:\soft\spring-tool-suite-4-4.16.0.RELEASE-e4.25.0-win32.win32.x86_64.self-extracting\contents\sts-4.16.0.RELEASE\plugins\org.eclipse.justj.openjdk.hotspot.jre.full.win32.x86_64_17.0.4.v20220903-1038\jre\bin\management_ext.dll
0x00007ffde7040000 - 0x00007ffde7057000 	C:\WINDOWS\system32\napinsp.dll
0x00007ffde6950000 - 0x00007ffde696b000 	C:\WINDOWS\system32\pnrpnsp.dll
0x00007ffe150d0000 - 0x00007ffe151c2000 	C:\WINDOWS\SYSTEM32\DNSAPI.dll
0x00007ffe15060000 - 0x00007ffe1508d000 	C:\WINDOWS\SYSTEM32\IPHLPAPI.DLL
0x00007ffe18290000 - 0x00007ffe18299000 	C:\WINDOWS\System32\NSI.dll
0x00007ffde68b0000 - 0x00007ffde68c1000 	C:\WINDOWS\System32\winrnr.dll
0x00007ffde6890000 - 0x00007ffde68a5000 	C:\WINDOWS\system32\wshbth.dll
0x00007ffde6730000 - 0x00007ffde6751000 	C:\WINDOWS\system32\nlansp_c.dll
0x00007ffe0b270000 - 0x00007ffe0b27a000 	C:\Windows\System32\rasadhlp.dll
0x00007ffe04c30000 - 0x00007ffe04cb3000 	C:\WINDOWS\System32\fwpuclnt.dll
0x00007ffe15cc0000 - 0x00007ffe15cdb000 	C:\WINDOWS\SYSTEM32\CRYPTSP.dll
0x00007ffe154e0000 - 0x00007ffe15515000 	C:\WINDOWS\system32\rsaenh.dll
0x00007ffe15b30000 - 0x00007ffe15b58000 	C:\WINDOWS\SYSTEM32\USERENV.dll
0x00007ffe15ec0000 - 0x00007ffe15ee8000 	C:\WINDOWS\SYSTEM32\bcrypt.dll
0x00007ffe15cb0000 - 0x00007ffe15cbc000 	C:\WINDOWS\SYSTEM32\CRYPTBASE.dll
0x00007ffe0b280000 - 0x00007ffe0b299000 	C:\WINDOWS\SYSTEM32\dhcpcsvc6.DLL
0x00007ffe09a40000 - 0x00007ffe09a5f000 	C:\WINDOWS\SYSTEM32\dhcpcsvc.DLL
0x00007ffdfd9e0000 - 0x00007ffdfd9f0000 	D:\soft\spring-tool-suite-4-4.16.0.RELEASE-e4.25.0-win32.win32.x86_64.self-extracting\contents\sts-4.16.0.RELEASE\plugins\org.eclipse.justj.openjdk.hotspot.jre.full.win32.x86_64_17.0.4.v20220903-1038\jre\bin\verify.dll
0x00007ffe0dd50000 - 0x00007ffe0dd5e000 	D:\soft\spring-tool-suite-4-4.16.0.RELEASE-e4.25.0-win32.win32.x86_64.self-extracting\contents\sts-4.16.0.RELEASE\plugins\org.eclipse.justj.openjdk.hotspot.jre.full.win32.x86_64_17.0.4.v20220903-1038\jre\bin\sunmscapi.dll
0x00007ffe167b0000 - 0x00007ffe16916000 	C:\WINDOWS\System32\CRYPT32.dll
0x00007ffe15e90000 - 0x00007ffe15ebd000 	C:\WINDOWS\SYSTEM32\ncrypt.dll
0x00007ffe15e50000 - 0x00007ffe15e87000 	C:\WINDOWS\SYSTEM32\NTASN1.dll
0x00007ffdc3d40000 - 0x00007ffdc3d48000 	C:\WINDOWS\system32\wshunix.dll

dbghelp: loaded successfully - version: 4.0.5 - missing functions: none
symbol engine: initialized successfully - sym options: 0x614 - pdb path: .;D:\soft\spring-tool-suite-4-4.16.0.RELEASE-e4.25.0-win32.win32.x86_64.self-extracting\contents\sts-4.16.0.RELEASE\plugins\org.eclipse.justj.openjdk.hotspot.jre.full.win32.x86_64_17.0.4.v20220903-1038\jre\bin;C:\WINDOWS\SYSTEM32;C:\WINDOWS\WinSxS\amd64_microsoft.windows.common-controls_6595b64144ccf1df_6.0.22621.436_none_a94247dbc10d8414;D:\soft\spring-tool-suite-4-4.16.0.RELEASE-e4.25.0-win32.win32.x86_64.self-extracting\contents\sts-4.16.0.RELEASE\plugins\org.eclipse.justj.openjdk.hotspot.jre.full.win32.x86_64_17.0.4.v20220903-1038\jre\bin\server

VM Arguments:
jvm_args: -Dcom.sun.management.jmxremote -Dcom.sun.management.jmxremote.port=62596 -Dcom.sun.management.jmxremote.authenticate=false -Dcom.sun.management.jmxremote.ssl=false -Djava.rmi.server.hostname=localhost -Dspring.jmx.enabled=true -Dspring.application.admin.enabled=true -XX:TieredStopAtLevel=1 -Dspring.boot.project.name=chealth -Dfile.encoding=UTF-8 -XX:+ShowCodeDetailsInExceptionMessages 
java_command: edu.ucmerced.chealth.ChealthApplication --spring.profiles.active=dataload --spring.output.ansi.enabled=always
java_class_path (initial): C:\Users\Abhishek Saraswat\Downloads\chronic_health_source\chealth\target\classes;C:\Users\Abhishek Saraswat\.m2\repository\org\springframework\boot\spring-boot-starter-data-jpa\2.6.6\spring-boot-starter-data-jpa-2.6.6.jar;C:\Users\Abhishek Saraswat\.m2\repository\org\springframework\boot\spring-boot-starter-aop\2.6.6\spring-boot-starter-aop-2.6.6.jar;C:\Users\Abhishek Saraswat\.m2\repository\org\springframework\spring-aop\5.3.18\spring-aop-5.3.18.jar;C:\Users\Abhishek Saraswat\.m2\repository\org\aspectj\aspectjweaver\1.9.7\aspectjweaver-1.9.7.jar;C:\Users\Abhishek Saraswat\.m2\repository\org\springframework\boot\spring-boot-starter-jdbc\2.6.6\spring-boot-starter-jdbc-2.6.6.jar;C:\Users\Abhishek Saraswat\.m2\repository\com\zaxxer\HikariCP\4.0.3\HikariCP-4.0.3.jar;C:\Users\Abhishek Saraswat\.m2\repository\org\springframework\spring-jdbc\5.3.18\spring-jdbc-5.3.18.jar;C:\Users\Abhishek Saraswat\.m2\repository\jakarta\transaction\jakarta.transaction-api\1.3.3\jakarta.transaction-api-1.3.3.jar;C:\Users\Abhishek Saraswat\.m2\repository\jakarta\persistence\jakarta.persistence-api\2.2.3\jakarta.persistence-api-2.2.3.jar;C:\Users\Abhishek Saraswat\.m2\repository\org\hibernate\hibernate-core\5.6.7.Final\hibernate-core-5.6.7.Final.jar;C:\Users\Abhishek Saraswat\.m2\repository\org\jboss\logging\jboss-logging\3.4.3.Final\jboss-logging-3.4.3.Final.jar;C:\Users\Abhishek Saraswat\.m2\repository\net\bytebuddy\byte-buddy\1.11.22\byte-buddy-1.11.22.jar;C:\Users\Abhishek Saraswat\.m2\repository\antlr\antlr\2.7.7\antlr-2.7.7.jar;C:\Users\Abhishek Saraswat\.m2\repository\org\jboss\jandex\2.4.2.Final\jandex-2.4.2.Final.jar;C:\Users\Abhishek Saraswat\.m2\repository\com\fasterxml\classmate\1.5.1\classmate-1.5.1.jar;C:\Users\Abhishek Saraswat\.m2\repository\org\hibernate\common\hibernate-commons-annotations\5.1.2.Final\hibernate-commons-annotations-5.1.2.Final.jar;C:\Users\Abhishek Saraswat\.m2\repository\org\glassfish\jaxb\jaxb-runtime\2.3.6\jaxb-runtime-2.3.6.j
Launcher Type: SUN_STANDARD

[Global flags]
     intx CICompilerCount                          = 4                                         {product} {ergonomic}
     uint ConcGCThreads                            = 2                                         {product} {ergonomic}
     uint G1ConcRefinementThreads                  = 8                                         {product} {ergonomic}
   size_t G1HeapRegionSize                         = 1048576                                   {product} {ergonomic}
    uintx GCDrainStackTargetSize                   = 64                                        {product} {ergonomic}
   size_t InitialHeapSize                          = 130023424                                 {product} {ergonomic}
     bool ManagementServer                         = true                                      {product} {command line}
   size_t MarkStackSize                            = 4194304                                   {product} {ergonomic}
   size_t MaxHeapSize                              = 2076180480                                {product} {ergonomic}
   size_t MaxNewSize                               = 1245708288                                {product} {ergonomic}
   size_t MinHeapDeltaBytes                        = 1048576                                   {product} {ergonomic}
   size_t MinHeapSize                              = 8388608                                   {product} {ergonomic}
    uintx NonProfiledCodeHeapSize                  = 0                                      {pd product} {ergonomic}
     bool ProfileInterpreter                       = false                                  {pd product} {command line}
    uintx ProfiledCodeHeapSize                     = 0                                      {pd product} {ergonomic}
     bool ShowCodeDetailsInExceptionMessages       = true                                   {manageable} {command line}
   size_t SoftMaxHeapSize                          = 2076180480                             {manageable} {ergonomic}
     intx TieredStopAtLevel                        = 1                                         {product} {command line}
     bool UseCompressedClassPointers               = true                           {product lp64_product} {ergonomic}
     bool UseCompressedOops                        = true                           {product lp64_product} {ergonomic}
     bool UseG1GC                                  = true                                      {product} {ergonomic}
     bool UseLargePagesIndividualAllocation        = false                                  {pd product} {ergonomic}

Logging:
Log output configuration:
 #0: stdout all=warning uptime,level,tags
 #1: stderr all=off uptime,level,tags

Environment Variables:
PATH=D:/soft/spring-tool-suite-4-4.16.0.RELEASE-e4.25.0-win32.win32.x86_64.self-extracting/contents/sts-4.16.0.RELEASE//plugins/org.eclipse.justj.openjdk.hotspot.jre.full.win32.x86_64_17.0.4.v20220903-1038/jre/bin/server;D:/soft/spring-tool-suite-4-4.16.0.RELEASE-e4.25.0-win32.win32.x86_64.self-extracting/contents/sts-4.16.0.RELEASE//plugins/org.eclipse.justj.openjdk.hotspot.jre.full.win32.x86_64_17.0.4.v20220903-1038/jre/bin;C:\Program Files\Common Files\Oracle\Java\javapath;C:\WINDOWS\system32;C:\WINDOWS;C:\WINDOWS\System32\Wbem;C:\WINDOWS\System32\WindowsPowerShell\v1.0\;C:\WINDOWS\System32\OpenSSH\;C:\Program Files\nodejs\;C:\Program Files\Git\cmd;C:\Program Files (x86)\PDFtk\bin\;C:\Program Files\Calibre2\;C:\Program Files\dotnet\;C:\Users\Abhishek Saraswat\AppData\Roaming\npm;C:\Program Files\Java\jdk-18.0.2.1\bin;C:\Users\Abhishek Saraswat\AppData\Local\Microsoft\WindowsApps;;C:\Users\Abhishek Saraswat\AppData\Local\Programs\Microsoft VS Code\bin;C:\Users\Abhishek Saraswat\AppData\Roaming\npm;C:\Users\Abhishek Saraswat\AppData\Roaming\Amazon;C:\Program Files (x86)\BrowserStackLocal\;D:\soft\spring-tool-suite-4-4.16.0.RELEASE-e4.25.0-win32.win32.x86_64.self-extracting\contents\sts-4.16.0.RELEASE;
USERNAME=Abhishek Saraswat
OS=Windows_NT
PROCESSOR_IDENTIFIER=Intel64 Family 6 Model 140 Stepping 1, GenuineIntel
TMP=C:\Users\Abhishek Saraswat\AppData\Local\Temp
TEMP=C:\Users\Abhishek Saraswat\AppData\Local\Temp



---------------  S Y S T E M  ---------------

OS:
 Windows 11 , 64 bit Build 22621 (10.0.22621.891)
OS uptime: 7 days 11:58 hours

CPU: total 8 (initial active 8) (4 cores per cpu, 2 threads per core) family 6 model 140 stepping 1 microcode 0xa4, cx8, cmov, fxsr, ht, mmx, 3dnowpref, sse, sse2, sse3, ssse3, sse4.1, sse4.2, popcnt, lzcnt, tsc, tscinvbit, avx, avx2, aes, erms, clmul, bmi1, bmi2, adx, avx512f, avx512dq, avx512cd, avx512bw, avx512vl, sha, fma, vzeroupper, avx512_vpopcntdq, avx512_vpclmulqdq, avx512_vaes, avx512_vnni, clflush, clflushopt, clwb, avx512_vbmi2, avx512_vbmi

Memory: 4k page, system-wide physical 7914M (269M free)
TotalPageFile size 32471M (AvailPageFile size 41M)
current process WorkingSet (physical memory assigned to process): 434M, peak: 836M
current process commit charge ("private bytes"): 711M, peak: 944M

vm_info: OpenJDK 64-Bit Server VM (17.0.4.1+1) for windows-amd64 JRE (17.0.4.1+1), built on Aug 17 2022 07:42:43 by "temurin" with MS VC++ 16.7 (VS2019)

END.
